This is pdfTeX, Version 3.14159265-2.6-1.40.20 (TeX Live 2019/Debian) (preloaded format=pdflatex 2022.2.2)  7 FEB 2022 13:37
entering extended mode
 restricted \write18 enabled.
 %&-line parsing enabled.
**/home/leon/work/eger_paper/src/latex/eger_paper_results/DTA.tex
(/home/leon/work/eger_paper/src/latex/eger_paper_results/DTA.tex
LaTeX2e <2020-02-02> patch level 2
L3 programming layer <2020-02-14>
(/usr/share/texlive/texmf-dist/tex/latex/base/article.cls
Document Class: article 2019/12/20 v1.4l Standard LaTeX document class
(/usr/share/texlive/texmf-dist/tex/latex/base/size10.clo
File: size10.clo 2019/12/20 v1.4l Standard LaTeX file (size option)
)
\c@part=\count167
\c@section=\count168
\c@subsection=\count169
\c@subsubsection=\count170
\c@paragraph=\count171
\c@subparagraph=\count172
\c@figure=\count173
\c@table=\count174
\abovecaptionskip=\skip47
\belowcaptionskip=\skip48
\bibindent=\dimen134
)
(/usr/share/texlive/texmf-dist/tex/latex/base/fontenc.sty
Package: fontenc 2020/02/11 v2.0o Standard LaTeX package
)
(/usr/share/texlive/texmf-dist/tex/latex/base/inputenc.sty
Package: inputenc 2018/08/11 v1.3c Input encoding file
\inpenc@prehook=\toks14
\inpenc@posthook=\toks15
)
(/usr/share/texmf/tex/latex/lm/lmodern.sty
Package: lmodern 2009/10/30 v1.6 Latin Modern Fonts
LaTeX Font Info:    Overwriting symbol font `operators' in version `normal'
(Font)                  OT1/cmr/m/n --> OT1/lmr/m/n on input line 22.
LaTeX Font Info:    Overwriting symbol font `letters' in version `normal'
(Font)                  OML/cmm/m/it --> OML/lmm/m/it on input line 23.
LaTeX Font Info:    Overwriting symbol font `symbols' in version `normal'
(Font)                  OMS/cmsy/m/n --> OMS/lmsy/m/n on input line 24.
LaTeX Font Info:    Overwriting symbol font `largesymbols' in version `normal'
(Font)                  OMX/cmex/m/n --> OMX/lmex/m/n on input line 25.
LaTeX Font Info:    Overwriting symbol font `operators' in version `bold'
(Font)                  OT1/cmr/bx/n --> OT1/lmr/bx/n on input line 26.
LaTeX Font Info:    Overwriting symbol font `letters' in version `bold'
(Font)                  OML/cmm/b/it --> OML/lmm/b/it on input line 27.
LaTeX Font Info:    Overwriting symbol font `symbols' in version `bold'
(Font)                  OMS/cmsy/b/n --> OMS/lmsy/b/n on input line 28.
LaTeX Font Info:    Overwriting symbol font `largesymbols' in version `bold'
(Font)                  OMX/cmex/m/n --> OMX/lmex/m/n on input line 29.
LaTeX Font Info:    Overwriting math alphabet `\mathbf' in version `normal'
(Font)                  OT1/cmr/bx/n --> OT1/lmr/bx/n on input line 31.
LaTeX Font Info:    Overwriting math alphabet `\mathsf' in version `normal'
(Font)                  OT1/cmss/m/n --> OT1/lmss/m/n on input line 32.
LaTeX Font Info:    Overwriting math alphabet `\mathit' in version `normal'
(Font)                  OT1/cmr/m/it --> OT1/lmr/m/it on input line 33.
LaTeX Font Info:    Overwriting math alphabet `\mathtt' in version `normal'
(Font)                  OT1/cmtt/m/n --> OT1/lmtt/m/n on input line 34.
LaTeX Font Info:    Overwriting math alphabet `\mathbf' in version `bold'
(Font)                  OT1/cmr/bx/n --> OT1/lmr/bx/n on input line 35.
LaTeX Font Info:    Overwriting math alphabet `\mathsf' in version `bold'
(Font)                  OT1/cmss/bx/n --> OT1/lmss/bx/n on input line 36.
LaTeX Font Info:    Overwriting math alphabet `\mathit' in version `bold'
(Font)                  OT1/cmr/bx/it --> OT1/lmr/bx/it on input line 37.
LaTeX Font Info:    Overwriting math alphabet `\mathtt' in version `bold'
(Font)                  OT1/cmtt/m/n --> OT1/lmtt/m/n on input line 38.
)
(/usr/share/texlive/texmf-dist/tex/latex/base/textcomp.sty
Package: textcomp 2020/02/02 v2.0n Standard LaTeX package
)
(/usr/share/texlive/texmf-dist/tex/latex/lastpage/lastpage.sty
Package: lastpage 2015/03/29 v1.2m Refers to last page's name (HMM; JPG)
)
(/usr/share/texlive/texmf-dist/tex/latex/pgfplots/pgfplots.sty
(/usr/share/texlive/texmf-dist/tex/generic/pgfplots/pgfplots.revision.tex)
Package: pgfplots 2018/03/28 v1.16 Data Visualization (1.16)

(/usr/share/texlive/texmf-dist/tex/latex/graphics/graphicx.sty
Package: graphicx 2019/11/30 v1.2a Enhanced LaTeX Graphics (DPC,SPQR)

(/usr/share/texlive/texmf-dist/tex/latex/graphics/keyval.sty
Package: keyval 2014/10/28 v1.15 key=value parser (DPC)
\KV@toks@=\toks16
)
(/usr/share/texlive/texmf-dist/tex/latex/graphics/graphics.sty
Package: graphics 2019/11/30 v1.4a Standard LaTeX Graphics (DPC,SPQR)

(/usr/share/texlive/texmf-dist/tex/latex/graphics/trig.sty
Package: trig 2016/01/03 v1.10 sin cos tan (DPC)
)
(/usr/share/texlive/texmf-dist/tex/latex/graphics-cfg/graphics.cfg
File: graphics.cfg 2016/06/04 v1.11 sample graphics configuration
)
Package graphics Info: Driver file: pdftex.def on input line 105.

(/usr/share/texlive/texmf-dist/tex/latex/graphics-def/pdftex.def
File: pdftex.def 2018/01/08 v1.0l Graphics/color driver for pdftex
))
\Gin@req@height=\dimen135
\Gin@req@width=\dimen136
)
(/usr/share/texlive/texmf-dist/tex/latex/pgf/frontendlayer/tikz.sty
(/usr/share/texlive/texmf-dist/tex/latex/pgf/basiclayer/pgf.sty
(/usr/share/texlive/texmf-dist/tex/latex/pgf/utilities/pgfrcs.sty
(/usr/share/texlive/texmf-dist/tex/generic/pgf/utilities/pgfutil-common.tex
\pgfutil@everybye=\toks17
\pgfutil@tempdima=\dimen137
\pgfutil@tempdimb=\dimen138

(/usr/share/texlive/texmf-dist/tex/generic/pgf/utilities/pgfutil-common-lists.t
ex)) (/usr/share/texlive/texmf-dist/tex/generic/pgf/utilities/pgfutil-latex.def
\pgfutil@abb=\box45
(/usr/share/texlive/texmf-dist/tex/latex/ms/everyshi.sty
Package: everyshi 2001/05/15 v3.00 EveryShipout Package (MS)
))
(/usr/share/texlive/texmf-dist/tex/generic/pgf/utilities/pgfrcs.code.tex
(/usr/share/texlive/texmf-dist/tex/generic/pgf/pgf.revision.tex)
Package: pgfrcs 2020/01/08 v3.1.5b (3.1.5b)
))
Package: pgf 2020/01/08 v3.1.5b (3.1.5b)

(/usr/share/texlive/texmf-dist/tex/latex/pgf/basiclayer/pgfcore.sty
(/usr/share/texlive/texmf-dist/tex/latex/pgf/systemlayer/pgfsys.sty
(/usr/share/texlive/texmf-dist/tex/generic/pgf/systemlayer/pgfsys.code.tex
Package: pgfsys 2020/01/08 v3.1.5b (3.1.5b)

(/usr/share/texlive/texmf-dist/tex/generic/pgf/utilities/pgfkeys.code.tex
\pgfkeys@pathtoks=\toks18
\pgfkeys@temptoks=\toks19

(/usr/share/texlive/texmf-dist/tex/generic/pgf/utilities/pgfkeysfiltered.code.t
ex
\pgfkeys@tmptoks=\toks20
))
\pgf@x=\dimen139
\pgf@y=\dimen140
\pgf@xa=\dimen141
\pgf@ya=\dimen142
\pgf@xb=\dimen143
\pgf@yb=\dimen144
\pgf@xc=\dimen145
\pgf@yc=\dimen146
\pgf@xd=\dimen147
\pgf@yd=\dimen148
\w@pgf@writea=\write3
\r@pgf@reada=\read2
\c@pgf@counta=\count175
\c@pgf@countb=\count176
\c@pgf@countc=\count177
\c@pgf@countd=\count178
\t@pgf@toka=\toks21
\t@pgf@tokb=\toks22
\t@pgf@tokc=\toks23
\pgf@sys@id@count=\count179
 (/usr/share/texlive/texmf-dist/tex/generic/pgf/systemlayer/pgf.cfg
File: pgf.cfg 2020/01/08 v3.1.5b (3.1.5b)
)
Driver file for pgf: pgfsys-pdftex.def

(/usr/share/texlive/texmf-dist/tex/generic/pgf/systemlayer/pgfsys-pdftex.def
File: pgfsys-pdftex.def 2020/01/08 v3.1.5b (3.1.5b)

(/usr/share/texlive/texmf-dist/tex/generic/pgf/systemlayer/pgfsys-common-pdf.de
f
File: pgfsys-common-pdf.def 2020/01/08 v3.1.5b (3.1.5b)
)))
(/usr/share/texlive/texmf-dist/tex/generic/pgf/systemlayer/pgfsyssoftpath.code.
tex
File: pgfsyssoftpath.code.tex 2020/01/08 v3.1.5b (3.1.5b)
\pgfsyssoftpath@smallbuffer@items=\count180
\pgfsyssoftpath@bigbuffer@items=\count181
)
(/usr/share/texlive/texmf-dist/tex/generic/pgf/systemlayer/pgfsysprotocol.code.
tex
File: pgfsysprotocol.code.tex 2020/01/08 v3.1.5b (3.1.5b)
)) (/usr/share/texlive/texmf-dist/tex/latex/xcolor/xcolor.sty
Package: xcolor 2016/05/11 v2.12 LaTeX color extensions (UK)

(/usr/share/texlive/texmf-dist/tex/latex/graphics-cfg/color.cfg
File: color.cfg 2016/01/02 v1.6 sample color configuration
)
Package xcolor Info: Driver file: pdftex.def on input line 225.
Package xcolor Info: Model `cmy' substituted by `cmy0' on input line 1348.
Package xcolor Info: Model `hsb' substituted by `rgb' on input line 1352.
Package xcolor Info: Model `RGB' extended on input line 1364.
Package xcolor Info: Model `HTML' substituted by `rgb' on input line 1366.
Package xcolor Info: Model `Hsb' substituted by `hsb' on input line 1367.
Package xcolor Info: Model `tHsb' substituted by `hsb' on input line 1368.
Package xcolor Info: Model `HSB' substituted by `hsb' on input line 1369.
Package xcolor Info: Model `Gray' substituted by `gray' on input line 1370.
Package xcolor Info: Model `wave' substituted by `hsb' on input line 1371.
)
(/usr/share/texlive/texmf-dist/tex/generic/pgf/basiclayer/pgfcore.code.tex
Package: pgfcore 2020/01/08 v3.1.5b (3.1.5b)

(/usr/share/texlive/texmf-dist/tex/generic/pgf/math/pgfmath.code.tex
(/usr/share/texlive/texmf-dist/tex/generic/pgf/math/pgfmathcalc.code.tex
(/usr/share/texlive/texmf-dist/tex/generic/pgf/math/pgfmathutil.code.tex)
(/usr/share/texlive/texmf-dist/tex/generic/pgf/math/pgfmathparser.code.tex
\pgfmath@dimen=\dimen149
\pgfmath@count=\count182
\pgfmath@box=\box46
\pgfmath@toks=\toks24
\pgfmath@stack@operand=\toks25
\pgfmath@stack@operation=\toks26
)
(/usr/share/texlive/texmf-dist/tex/generic/pgf/math/pgfmathfunctions.code.tex
(/usr/share/texlive/texmf-dist/tex/generic/pgf/math/pgfmathfunctions.basic.code
.tex)
(/usr/share/texlive/texmf-dist/tex/generic/pgf/math/pgfmathfunctions.trigonomet
ric.code.tex)
(/usr/share/texlive/texmf-dist/tex/generic/pgf/math/pgfmathfunctions.random.cod
e.tex)
(/usr/share/texlive/texmf-dist/tex/generic/pgf/math/pgfmathfunctions.comparison
.code.tex)
(/usr/share/texlive/texmf-dist/tex/generic/pgf/math/pgfmathfunctions.base.code.
tex)
(/usr/share/texlive/texmf-dist/tex/generic/pgf/math/pgfmathfunctions.round.code
.tex)
(/usr/share/texlive/texmf-dist/tex/generic/pgf/math/pgfmathfunctions.misc.code.
tex)
(/usr/share/texlive/texmf-dist/tex/generic/pgf/math/pgfmathfunctions.integerari
thmetics.code.tex)))
(/usr/share/texlive/texmf-dist/tex/generic/pgf/math/pgfmathfloat.code.tex
\c@pgfmathroundto@lastzeros=\count183
))
(/usr/share/texlive/texmf-dist/tex/generic/pgf/math/pgfint.code.tex)
(/usr/share/texlive/texmf-dist/tex/generic/pgf/basiclayer/pgfcorepoints.code.te
x
File: pgfcorepoints.code.tex 2020/01/08 v3.1.5b (3.1.5b)
\pgf@picminx=\dimen150
\pgf@picmaxx=\dimen151
\pgf@picminy=\dimen152
\pgf@picmaxy=\dimen153
\pgf@pathminx=\dimen154
\pgf@pathmaxx=\dimen155
\pgf@pathminy=\dimen156
\pgf@pathmaxy=\dimen157
\pgf@xx=\dimen158
\pgf@xy=\dimen159
\pgf@yx=\dimen160
\pgf@yy=\dimen161
\pgf@zx=\dimen162
\pgf@zy=\dimen163
)
(/usr/share/texlive/texmf-dist/tex/generic/pgf/basiclayer/pgfcorepathconstruct.
code.tex
File: pgfcorepathconstruct.code.tex 2020/01/08 v3.1.5b (3.1.5b)
\pgf@path@lastx=\dimen164
\pgf@path@lasty=\dimen165
)
(/usr/share/texlive/texmf-dist/tex/generic/pgf/basiclayer/pgfcorepathusage.code
.tex
File: pgfcorepathusage.code.tex 2020/01/08 v3.1.5b (3.1.5b)
\pgf@shorten@end@additional=\dimen166
\pgf@shorten@start@additional=\dimen167
)
(/usr/share/texlive/texmf-dist/tex/generic/pgf/basiclayer/pgfcorescopes.code.te
x
File: pgfcorescopes.code.tex 2020/01/08 v3.1.5b (3.1.5b)
\pgfpic=\box47
\pgf@hbox=\box48
\pgf@layerbox@main=\box49
\pgf@picture@serial@count=\count184
)
(/usr/share/texlive/texmf-dist/tex/generic/pgf/basiclayer/pgfcoregraphicstate.c
ode.tex
File: pgfcoregraphicstate.code.tex 2020/01/08 v3.1.5b (3.1.5b)
\pgflinewidth=\dimen168
)
(/usr/share/texlive/texmf-dist/tex/generic/pgf/basiclayer/pgfcoretransformation
s.code.tex
File: pgfcoretransformations.code.tex 2020/01/08 v3.1.5b (3.1.5b)
\pgf@pt@x=\dimen169
\pgf@pt@y=\dimen170
\pgf@pt@temp=\dimen171
)
(/usr/share/texlive/texmf-dist/tex/generic/pgf/basiclayer/pgfcorequick.code.tex
File: pgfcorequick.code.tex 2020/01/08 v3.1.5b (3.1.5b)
)
(/usr/share/texlive/texmf-dist/tex/generic/pgf/basiclayer/pgfcoreobjects.code.t
ex
File: pgfcoreobjects.code.tex 2020/01/08 v3.1.5b (3.1.5b)
)
(/usr/share/texlive/texmf-dist/tex/generic/pgf/basiclayer/pgfcorepathprocessing
.code.tex
File: pgfcorepathprocessing.code.tex 2020/01/08 v3.1.5b (3.1.5b)
)
(/usr/share/texlive/texmf-dist/tex/generic/pgf/basiclayer/pgfcorearrows.code.te
x
File: pgfcorearrows.code.tex 2020/01/08 v3.1.5b (3.1.5b)
\pgfarrowsep=\dimen172
)
(/usr/share/texlive/texmf-dist/tex/generic/pgf/basiclayer/pgfcoreshade.code.tex
File: pgfcoreshade.code.tex 2020/01/08 v3.1.5b (3.1.5b)
\pgf@max=\dimen173
\pgf@sys@shading@range@num=\count185
\pgf@shadingcount=\count186
)
(/usr/share/texlive/texmf-dist/tex/generic/pgf/basiclayer/pgfcoreimage.code.tex
File: pgfcoreimage.code.tex 2020/01/08 v3.1.5b (3.1.5b)

(/usr/share/texlive/texmf-dist/tex/generic/pgf/basiclayer/pgfcoreexternal.code.
tex
File: pgfcoreexternal.code.tex 2020/01/08 v3.1.5b (3.1.5b)
\pgfexternal@startupbox=\box50
))
(/usr/share/texlive/texmf-dist/tex/generic/pgf/basiclayer/pgfcorelayers.code.te
x
File: pgfcorelayers.code.tex 2020/01/08 v3.1.5b (3.1.5b)
)
(/usr/share/texlive/texmf-dist/tex/generic/pgf/basiclayer/pgfcoretransparency.c
ode.tex
File: pgfcoretransparency.code.tex 2020/01/08 v3.1.5b (3.1.5b)
)
(/usr/share/texlive/texmf-dist/tex/generic/pgf/basiclayer/pgfcorepatterns.code.
tex
File: pgfcorepatterns.code.tex 2020/01/08 v3.1.5b (3.1.5b)
)
(/usr/share/texlive/texmf-dist/tex/generic/pgf/basiclayer/pgfcorerdf.code.tex
File: pgfcorerdf.code.tex 2020/01/08 v3.1.5b (3.1.5b)
)))
(/usr/share/texlive/texmf-dist/tex/generic/pgf/modules/pgfmoduleshapes.code.tex
File: pgfmoduleshapes.code.tex 2020/01/08 v3.1.5b (3.1.5b)
\pgfnodeparttextbox=\box51
) (/usr/share/texlive/texmf-dist/tex/generic/pgf/modules/pgfmoduleplot.code.tex
File: pgfmoduleplot.code.tex 2020/01/08 v3.1.5b (3.1.5b)
)
(/usr/share/texlive/texmf-dist/tex/latex/pgf/compatibility/pgfcomp-version-0-65
.sty
Package: pgfcomp-version-0-65 2020/01/08 v3.1.5b (3.1.5b)
\pgf@nodesepstart=\dimen174
\pgf@nodesepend=\dimen175
)
(/usr/share/texlive/texmf-dist/tex/latex/pgf/compatibility/pgfcomp-version-1-18
.sty
Package: pgfcomp-version-1-18 2020/01/08 v3.1.5b (3.1.5b)
)) (/usr/share/texlive/texmf-dist/tex/latex/pgf/utilities/pgffor.sty
(/usr/share/texlive/texmf-dist/tex/latex/pgf/utilities/pgfkeys.sty
(/usr/share/texlive/texmf-dist/tex/generic/pgf/utilities/pgfkeys.code.tex))
(/usr/share/texlive/texmf-dist/tex/latex/pgf/math/pgfmath.sty
(/usr/share/texlive/texmf-dist/tex/generic/pgf/math/pgfmath.code.tex))
(/usr/share/texlive/texmf-dist/tex/generic/pgf/utilities/pgffor.code.tex
Package: pgffor 2020/01/08 v3.1.5b (3.1.5b)

(/usr/share/texlive/texmf-dist/tex/generic/pgf/math/pgfmath.code.tex)
\pgffor@iter=\dimen176
\pgffor@skip=\dimen177
\pgffor@stack=\toks27
\pgffor@toks=\toks28
))
(/usr/share/texlive/texmf-dist/tex/generic/pgf/frontendlayer/tikz/tikz.code.tex
Package: tikz 2020/01/08 v3.1.5b (3.1.5b)

(/usr/share/texlive/texmf-dist/tex/generic/pgf/libraries/pgflibraryplothandlers
.code.tex
File: pgflibraryplothandlers.code.tex 2020/01/08 v3.1.5b (3.1.5b)
\pgf@plot@mark@count=\count187
\pgfplotmarksize=\dimen178
)
\tikz@lastx=\dimen179
\tikz@lasty=\dimen180
\tikz@lastxsaved=\dimen181
\tikz@lastysaved=\dimen182
\tikz@lastmovetox=\dimen183
\tikz@lastmovetoy=\dimen184
\tikzleveldistance=\dimen185
\tikzsiblingdistance=\dimen186
\tikz@figbox=\box52
\tikz@figbox@bg=\box53
\tikz@tempbox=\box54
\tikz@tempbox@bg=\box55
\tikztreelevel=\count188
\tikznumberofchildren=\count189
\tikznumberofcurrentchild=\count190
\tikz@fig@count=\count191

(/usr/share/texlive/texmf-dist/tex/generic/pgf/modules/pgfmodulematrix.code.tex
File: pgfmodulematrix.code.tex 2020/01/08 v3.1.5b (3.1.5b)
\pgfmatrixcurrentrow=\count192
\pgfmatrixcurrentcolumn=\count193
\pgf@matrix@numberofcolumns=\count194
)
\tikz@expandcount=\count195

(/usr/share/texlive/texmf-dist/tex/generic/pgf/frontendlayer/tikz/libraries/tik
zlibrarytopaths.code.tex
File: tikzlibrarytopaths.code.tex 2020/01/08 v3.1.5b (3.1.5b)
)))
(/usr/share/texlive/texmf-dist/tex/generic/pgfplots/pgfplots.code.tex
(/usr/share/texlive/texmf-dist/tex/generic/pgfplots/pgfplotscore.code.tex
\t@pgfplots@toka=\toks29
\t@pgfplots@tokb=\toks30
\t@pgfplots@tokc=\toks31
\pgfplots@tmpa=\dimen187
\c@pgfplots@coordindex=\count196
\c@pgfplots@scanlineindex=\count197

(/usr/share/texlive/texmf-dist/tex/generic/pgfplots/sys/pgfplotssysgeneric.code
.tex))
(/usr/share/texlive/texmf-dist/tex/generic/pgfplots/libs/pgfplotslibrary.code.t
ex)
(/usr/share/texlive/texmf-dist/tex/generic/pgfplots/oldpgfcompatib/pgfplotsoldp
gfsupp_loader.code.tex
(/usr/share/texlive/texmf-dist/tex/generic/pgf/libraries/pgflibraryfpu.code.tex
))
(/usr/share/texlive/texmf-dist/tex/generic/pgfplots/util/pgfplotsutil.code.tex
(/usr/share/texlive/texmf-dist/tex/generic/pgfplots/liststructure/pgfplotslists
tructure.code.tex)
(/usr/share/texlive/texmf-dist/tex/generic/pgfplots/liststructure/pgfplotslists
tructureext.code.tex)
(/usr/share/texlive/texmf-dist/tex/generic/pgfplots/liststructure/pgfplotsarray
.code.tex
\c@pgfplotsarray@tmp=\count198
)
(/usr/share/texlive/texmf-dist/tex/generic/pgfplots/liststructure/pgfplotsmatri
x.code.tex)
(/usr/share/texlive/texmf-dist/tex/generic/pgfplots/numtable/pgfplotstableshare
d.code.tex
\c@pgfplotstable@counta=\count199
\t@pgfplotstable@a=\toks32
)
(/usr/share/texlive/texmf-dist/tex/generic/pgfplots/liststructure/pgfplotsdeque
.code.tex)
(/usr/share/texlive/texmf-dist/tex/generic/pgfplots/util/pgfplotsbinary.code.te
x
(/usr/share/texlive/texmf-dist/tex/generic/pgfplots/util/pgfplotsbinary.data.co
de.tex))
(/usr/share/texlive/texmf-dist/tex/generic/pgfplots/util/pgfplotsutil.verb.code
.tex)
(/usr/share/texlive/texmf-dist/tex/generic/pgfplots/libs/pgflibrarypgfplots.sur
fshading.code.tex
\c@pgfplotslibrarysurf@no=\count266

(/usr/share/texlive/texmf-dist/tex/generic/pgfplots/sys/pgflibrarypgfplots.surf
shading.pgfsys-pdftex.def)))
(/usr/share/texlive/texmf-dist/tex/generic/pgfplots/util/pgfplotscolormap.code.
tex
(/usr/share/texlive/texmf-dist/tex/generic/pgfplots/util/pgfplotscolor.code.tex
))
(/usr/share/texlive/texmf-dist/tex/generic/pgfplots/pgfplotsstackedplots.code.t
ex)
(/usr/share/texlive/texmf-dist/tex/generic/pgfplots/pgfplotsplothandlers.code.t
ex
(/usr/share/texlive/texmf-dist/tex/generic/pgfplots/pgfplotsmeshplothandler.cod
e.tex
(/usr/share/texlive/texmf-dist/tex/generic/pgfplots/pgfplotsmeshplotimage.code.
tex)))
(/usr/share/texlive/texmf-dist/tex/generic/pgfplots/pgfplots.scaling.code.tex)
(/usr/share/texlive/texmf-dist/tex/generic/pgfplots/pgfplotscoordprocessing.cod
e.tex)
(/usr/share/texlive/texmf-dist/tex/generic/pgfplots/pgfplots.errorbars.code.tex
) (/usr/share/texlive/texmf-dist/tex/generic/pgfplots/pgfplots.markers.code.tex
) (/usr/share/texlive/texmf-dist/tex/generic/pgfplots/pgfplotsticks.code.tex)
(/usr/share/texlive/texmf-dist/tex/generic/pgfplots/pgfplots.paths.code.tex)
(/usr/share/texlive/texmf-dist/tex/generic/pgf/frontendlayer/tikz/libraries/tik
zlibrarydecorations.code.tex
(/usr/share/texlive/texmf-dist/tex/generic/pgf/modules/pgfmoduledecorations.cod
e.tex
\pgfdecoratedcompleteddistance=\dimen188
\pgfdecoratedremainingdistance=\dimen189
\pgfdecoratedinputsegmentcompleteddistance=\dimen190
\pgfdecoratedinputsegmentremainingdistance=\dimen191
\pgf@decorate@distancetomove=\dimen192
\pgf@decorate@repeatstate=\count267
\pgfdecorationsegmentamplitude=\dimen193
\pgfdecorationsegmentlength=\dimen194
)
\tikz@lib@dec@box=\box56
)
(/usr/share/texlive/texmf-dist/tex/generic/pgf/frontendlayer/tikz/libraries/tik
zlibrarydecorations.pathmorphing.code.tex
(/usr/share/texlive/texmf-dist/tex/generic/pgf/libraries/decorations/pgflibrary
decorations.pathmorphing.code.tex))
(/usr/share/texlive/texmf-dist/tex/generic/pgf/frontendlayer/tikz/libraries/tik
zlibrarydecorations.pathreplacing.code.tex
(/usr/share/texlive/texmf-dist/tex/generic/pgf/libraries/decorations/pgflibrary
decorations.pathreplacing.code.tex))
\pgfplots@numplots=\count268
\pgfplots@xmin@reg=\dimen195
\pgfplots@xmax@reg=\dimen196
\pgfplots@ymin@reg=\dimen197
\pgfplots@ymax@reg=\dimen198
\pgfplots@zmin@reg=\dimen199
\pgfplots@zmax@reg=\dimen256
)
(/usr/share/texlive/texmf-dist/tex/generic/pgf/frontendlayer/tikz/libraries/tik
zlibraryplotmarks.code.tex
File: tikzlibraryplotmarks.code.tex 2020/01/08 v3.1.5b (3.1.5b)

(/usr/share/texlive/texmf-dist/tex/generic/pgf/libraries/pgflibraryplotmarks.co
de.tex
File: pgflibraryplotmarks.code.tex 2020/01/08 v3.1.5b (3.1.5b)
))) (/usr/share/texlive/texmf-dist/tex/latex/caption/caption.sty
Package: caption 2020/01/03 v3.4h Customizing captions (AR)

(/usr/share/texlive/texmf-dist/tex/latex/caption/caption3.sty
Package: caption3 2020/01/03 v1.8h caption3 kernel (AR)
Package caption3 Info: TeX engine: e-TeX on input line 61.
\captionmargin=\dimen257
\captionmargin@=\dimen258
\captionwidth=\dimen259
\caption@tempdima=\dimen260
\caption@indent=\dimen261
\caption@parindent=\dimen262
\caption@hangindent=\dimen263
Package caption Info: Standard document class detected.
)
\c@caption@flags=\count269
\c@continuedfloat=\count270
)
(/usr/share/texlive/texmf-dist/tex/latex/sidecap/sidecap.sty
Package: sidecap 2003/06/06 v1.6f SideCap Package (RN/HjG)

(/usr/share/texlive/texmf-dist/tex/latex/base/ifthen.sty
Package: ifthen 2014/09/29 v1.1c Standard LaTeX ifthen package (DPC)
)
\SC@BOXWD=\dimen264
\SC@CAPWD=\dimen265
\SC@tempdima=\dimen266
\SC@tempdimb=\dimen267
\c@SC@C=\count271
\SC@BOX=\box57
)
(/usr/share/texlive/texmf-dist/tex/latex/caption/subcaption.sty
Package: subcaption 2020/01/22 v1.3d Sub-captions (AR)
\c@subfigure=\count272
\c@subtable=\count273
)
   defining Unicode char U+2212 (decimal 8722)

(/usr/share/texlive/texmf-dist/tex/generic/pgfplots/libs/tikzlibrarypgfplots.gr
oupplots.code.tex
\pgfplots@group@current@plot=\count274
\pgfplots@group@current@row=\count275
\pgfplots@group@current@column=\count276

(/usr/share/texlive/texmf-dist/tex/generic/pgf/frontendlayer/tikz/libraries/tik
zlibrarycalc.code.tex
File: tikzlibrarycalc.code.tex 2020/01/08 v3.1.5b (3.1.5b)
))
(/usr/share/texlive/texmf-dist/tex/generic/pgfplots/libs/tikzlibrarypgfplots.da
teplot.code.tex
(/usr/share/texlive/texmf-dist/tex/latex/pgf/utilities/pgfcalendar.sty
(/usr/share/texlive/texmf-dist/tex/generic/pgf/utilities/pgfcalendar.code.tex
File: pgfcalendar.code.tex 2020/01/08 v3.1.5b (3.1.5b)

(/usr/share/texlive/texmf-dist/tex/generic/pgf/math/pgfint.code.tex)
\pgfcalendarcurrentjulian=\count277
\pgf@cal@easter@Y=\count278
\pgf@cal@easter@G=\count279
\pgf@cal@easter@C=\count280
\pgf@cal@easter@X=\count281
\pgf@cal@easter@Z=\count282
\pgf@cal@easter@D=\count283
\pgf@cal@easter@E=\count284
\pgf@cal@easter@N=\count285
\pgf@cal@easter@M=\count286
\pgf@cal@easter@julianday=\count287
)))
(/usr/share/texlive/texmf-dist/tex/generic/pgf/frontendlayer/tikz/libraries/tik
zlibrarypatterns.code.tex
File: tikzlibrarypatterns.code.tex 2020/01/08 v3.1.5b (3.1.5b)

(/usr/share/texlive/texmf-dist/tex/generic/pgf/libraries/pgflibrarypatterns.cod
e.tex
File: pgflibrarypatterns.code.tex 2020/01/08 v3.1.5b (3.1.5b)
))
(/usr/share/texlive/texmf-dist/tex/generic/pgf/frontendlayer/tikz/libraries/tik
zlibraryshapes.arrows.code.tex
File: tikzlibraryshapes.arrows.code.tex 2020/01/08 v3.1.5b (3.1.5b)

(/usr/share/texlive/texmf-dist/tex/generic/pgf/libraries/shapes/pgflibraryshape
s.arrows.code.tex
File: pgflibraryshapes.arrows.code.tex 2020/01/08 v3.1.5b (3.1.5b)
))
(/usr/share/texlive/texmf-dist/tex/latex/l3backend/l3backend-pdfmode.def
File: l3backend-pdfmode.def 2020-02-03 L3 backend support: PDF mode
\l__kernel_color_stack_int=\count288
\l__pdf_internal_box=\box58
)
No file DTA.aux.
\openout1 = `DTA.aux'.

LaTeX Font Info:    Checking defaults for OML/cmm/m/it on input line 21.
LaTeX Font Info:    ... okay on input line 21.
LaTeX Font Info:    Checking defaults for OMS/cmsy/m/n on input line 21.
LaTeX Font Info:    ... okay on input line 21.
LaTeX Font Info:    Checking defaults for OT1/cmr/m/n on input line 21.
LaTeX Font Info:    ... okay on input line 21.
LaTeX Font Info:    Checking defaults for T1/cmr/m/n on input line 21.
LaTeX Font Info:    ... okay on input line 21.
LaTeX Font Info:    Checking defaults for TS1/cmr/m/n on input line 21.
LaTeX Font Info:    ... okay on input line 21.
LaTeX Font Info:    Checking defaults for OMX/cmex/m/n on input line 21.
LaTeX Font Info:    ... okay on input line 21.
LaTeX Font Info:    Checking defaults for U/cmr/m/n on input line 21.
LaTeX Font Info:    ... okay on input line 21.
LaTeX Font Info:    Trying to load font information for T1+lmr on input line 21
.
(/usr/share/texmf/tex/latex/lm/t1lmr.fd
File: t1lmr.fd 2009/10/30 v1.6 Font defs for Latin Modern
)
Package lastpage Info: Please have a look at the pageslts package at
(lastpage)             https://www.ctan.org/pkg/pageslts
(lastpage)             ! on input line 21.

(/usr/share/texlive/texmf-dist/tex/context/base/mkii/supp-pdf.mkii
[Loading MPS to PDF converter (version 2006.09.02).]
\scratchcounter=\count289
\scratchdimen=\dimen268
\scratchbox=\box59
\nofMPsegments=\count290
\nofMParguments=\count291
\everyMPshowfont=\toks33
\MPscratchCnt=\count292
\MPscratchDim=\dimen269
\MPnumerator=\count293
\makeMPintoPDFobject=\count294
\everyMPtoPDFconversion=\toks34
) (/usr/share/texlive/texmf-dist/tex/latex/epstopdf-pkg/epstopdf-base.sty
Package: epstopdf-base 2020-01-24 v2.11 Base part for package epstopdf
Package epstopdf-base Info: Redefining graphics rule for `.eps' on input line 4
85.

(/usr/share/texlive/texmf-dist/tex/latex/latexconfig/epstopdf-sys.cfg
File: epstopdf-sys.cfg 2010/07/13 v1.3 Configuration of (r)epstopdf for TeX Liv
e
))
ABD: EveryShipout initializing macros
Package pgfplots notification 'compat/show suggested version=true': document ha
s been generated with the most recent feature set (\pgfplotsset{compat=1.16}).

Package caption Info: Begin \AtBeginDocument code.
Package caption Info: sidecap package is loaded.
Package caption Info: End \AtBeginDocument code.
(/usr/share/texlive/texmf-dist/tex/latex/ragged2e/ragged2e.sty
Package: ragged2e 2019/07/28 v2.2 ragged2e Package (MS)

(/usr/share/texlive/texmf-dist/tex/latex/ms/everysel.sty
Package: everysel 2011/10/28 v1.2 EverySelectfont Package (MS)

ABD: EverySelectfont initializing macros
LaTeX Info: Redefining \selectfont on input line 126.
)
\CenteringLeftskip=\skip49
\RaggedLeftLeftskip=\skip50
\RaggedRightLeftskip=\skip51
\CenteringRightskip=\skip52
\RaggedLeftRightskip=\skip53
\RaggedRightRightskip=\skip54
\CenteringParfillskip=\skip55
\RaggedLeftParfillskip=\skip56
\RaggedRightParfillskip=\skip57
\JustifyingParfillskip=\skip58
\CenteringParindent=\skip59
\RaggedLeftParindent=\skip60
\RaggedRightParindent=\skip61
\JustifyingParindent=\skip62
)
LaTeX Font Info:    Trying to load font information for OT1+lmr on input line 2
3.

(/usr/share/texmf/tex/latex/lm/ot1lmr.fd
File: ot1lmr.fd 2009/10/30 v1.6 Font defs for Latin Modern
)
LaTeX Font Info:    Trying to load font information for OML+lmm on input line 2
3.

(/usr/share/texmf/tex/latex/lm/omllmm.fd
File: omllmm.fd 2009/10/30 v1.6 Font defs for Latin Modern
)
LaTeX Font Info:    Trying to load font information for OMS+lmsy on input line 
23.

(/usr/share/texmf/tex/latex/lm/omslmsy.fd
File: omslmsy.fd 2009/10/30 v1.6 Font defs for Latin Modern
)
LaTeX Font Info:    Trying to load font information for OMX+lmex on input line 
23.

(/usr/share/texmf/tex/latex/lm/omxlmex.fd
File: omxlmex.fd 2009/10/30 v1.6 Font defs for Latin Modern
)
LaTeX Font Info:    External font `lmex10' loaded for size
(Font)              <12> on input line 23.
LaTeX Font Info:    External font `lmex10' loaded for size
(Font)              <8> on input line 23.
LaTeX Font Info:    External font `lmex10' loaded for size
(Font)              <6> on input line 23.
 [1

{/var/lib/texmf/fonts/map/pdftex/updmap/pdftex.map}]
No file DTA.toc.
\tf@toc=\write4
\openout4 = `DTA.toc'.

[2]
(/home/leon/work/eger_paper/data/DTA/sent/sent_length_02-09/statistics/n_verbs0
/acf.tex
LaTeX Font Info:    Calculating math sizes for size <3> on input line 1968.
LaTeX Font Info:    External font `lmex10' loaded for size
(Font)              <3> on input line 1968.
LaTeX Font Info:    External font `lmex10' loaded for size
(Font)              <2.09999> on input line 1968.
LaTeX Font Info:    External font `lmex10' loaded for size
(Font)              <1.5> on input line 1968.
)
(/home/leon/work/eger_paper/data/DTA/sent/sent_length_10-19/statistics/n_verbs0
/acf.tex)
(/home/leon/work/eger_paper/data/DTA/sent/sent_length_20-29/statistics/n_verbs0
/acf.tex)
(/home/leon/work/eger_paper/data/DTA/sent/sent_length_30-39/statistics/n_verbs0
/acf.tex)
(/home/leon/work/eger_paper/data/DTA/sent/sent_length_40+/statistics/n_verbs0/a
cf.tex) [3]
(/home/leon/work/eger_paper/data/DTA/sent/sent_length_02-09/statistics/n_verbs0
/pacf.tex)
(/home/leon/work/eger_paper/data/DTA/sent/sent_length_10-19/statistics/n_verbs0
/pacf.tex)
(/home/leon/work/eger_paper/data/DTA/sent/sent_length_20-29/statistics/n_verbs0
/pacf.tex)
(/home/leon/work/eger_paper/data/DTA/sent/sent_length_30-39/statistics/n_verbs0
/pacf.tex)
(/home/leon/work/eger_paper/data/DTA/sent/sent_length_40+/statistics/n_verbs0/p
acf.tex) [4]
Underfull \hbox (badness 10000) in paragraph at lines 69--75

 []

[5]
(/home/leon/work/eger_paper/data/DTA/sent/sent_length_02-09/statistics/complexi
ty_ratio1/acf.tex)
(/home/leon/work/eger_paper/data/DTA/sent/sent_length_10-19/statistics/complexi
ty_ratio1/acf.tex)
(/home/leon/work/eger_paper/data/DTA/sent/sent_length_20-29/statistics/complexi
ty_ratio1/acf.tex)
(/home/leon/work/eger_paper/data/DTA/sent/sent_length_30-39/statistics/complexi
ty_ratio1/acf.tex)
(/home/leon/work/eger_paper/data/DTA/sent/sent_length_40+/statistics/complexity
_ratio1/acf.tex) [6]
(/home/leon/work/eger_paper/data/DTA/sent/sent_length_02-09/statistics/complexi
ty_ratio1/pacf.tex)
(/home/leon/work/eger_paper/data/DTA/sent/sent_length_10-19/statistics/complexi
ty_ratio1/pacf.tex)
(/home/leon/work/eger_paper/data/DTA/sent/sent_length_20-29/statistics/complexi
ty_ratio1/pacf.tex)
(/home/leon/work/eger_paper/data/DTA/sent/sent_length_30-39/statistics/complexi
ty_ratio1/pacf.tex)
(/home/leon/work/eger_paper/data/DTA/sent/sent_length_40+/statistics/complexity
_ratio1/pacf.tex) [7]
Underfull \hbox (badness 10000) in paragraph at lines 120--126

 []

[8]
(/home/leon/work/eger_paper/data/DTA/sent/sent_length_02-09/statistics/absolute
_complexity2/acf.tex)
(/home/leon/work/eger_paper/data/DTA/sent/sent_length_10-19/statistics/absolute
_complexity2/acf.tex)
(/home/leon/work/eger_paper/data/DTA/sent/sent_length_20-29/statistics/absolute
_complexity2/acf.tex)
(/home/leon/work/eger_paper/data/DTA/sent/sent_length_30-39/statistics/absolute
_complexity2/acf.tex)
(/home/leon/work/eger_paper/data/DTA/sent/sent_length_40+/statistics/absolute_c
omplexity2/acf.tex) [9]
(/home/leon/work/eger_paper/data/DTA/sent/sent_length_02-09/statistics/absolute
_complexity2/pacf.tex)
(/home/leon/work/eger_paper/data/DTA/sent/sent_length_10-19/statistics/absolute
_complexity2/pacf.tex)
(/home/leon/work/eger_paper/data/DTA/sent/sent_length_20-29/statistics/absolute
_complexity2/pacf.tex)
(/home/leon/work/eger_paper/data/DTA/sent/sent_length_30-39/statistics/absolute
_complexity2/pacf.tex)
(/home/leon/work/eger_paper/data/DTA/sent/sent_length_40+/statistics/absolute_c
omplexity2/pacf.tex) [10]
Underfull \hbox (badness 10000) in paragraph at lines 171--177

 []

[11]
(/home/leon/work/eger_paper/data/DTA/sent/sent_length_02-09/statistics/order_of
_tree3/acf.tex)
(/home/leon/work/eger_paper/data/DTA/sent/sent_length_10-19/statistics/order_of
_tree3/acf.tex)
(/home/leon/work/eger_paper/data/DTA/sent/sent_length_20-29/statistics/order_of
_tree3/acf.tex)
(/home/leon/work/eger_paper/data/DTA/sent/sent_length_30-39/statistics/order_of
_tree3/acf.tex)
(/home/leon/work/eger_paper/data/DTA/sent/sent_length_40+/statistics/order_of_t
ree3/acf.tex) [12]
(/home/leon/work/eger_paper/data/DTA/sent/sent_length_02-09/statistics/order_of
_tree3/pacf.tex)
(/home/leon/work/eger_paper/data/DTA/sent/sent_length_10-19/statistics/order_of
_tree3/pacf.tex)
(/home/leon/work/eger_paper/data/DTA/sent/sent_length_20-29/statistics/order_of
_tree3/pacf.tex)
(/home/leon/work/eger_paper/data/DTA/sent/sent_length_30-39/statistics/order_of
_tree3/pacf.tex)
(/home/leon/work/eger_paper/data/DTA/sent/sent_length_40+/statistics/order_of_t
ree3/pacf.tex) [13]
Underfull \hbox (badness 10000) in paragraph at lines 222--228

 []

[14]
(/home/leon/work/eger_paper/data/DTA/sent/sent_length_02-09/statistics/dependen
cy_index4/acf.tex)
(/home/leon/work/eger_paper/data/DTA/sent/sent_length_10-19/statistics/dependen
cy_index4/acf.tex)
(/home/leon/work/eger_paper/data/DTA/sent/sent_length_20-29/statistics/dependen
cy_index4/acf.tex)
(/home/leon/work/eger_paper/data/DTA/sent/sent_length_30-39/statistics/dependen
cy_index4/acf.tex)
(/home/leon/work/eger_paper/data/DTA/sent/sent_length_40+/statistics/dependency
_index4/acf.tex) [15]
(/home/leon/work/eger_paper/data/DTA/sent/sent_length_02-09/statistics/dependen
cy_index4/pacf.tex)
(/home/leon/work/eger_paper/data/DTA/sent/sent_length_10-19/statistics/dependen
cy_index4/pacf.tex)
(/home/leon/work/eger_paper/data/DTA/sent/sent_length_20-29/statistics/dependen
cy_index4/pacf.tex)
(/home/leon/work/eger_paper/data/DTA/sent/sent_length_30-39/statistics/dependen
cy_index4/pacf.tex)
(/home/leon/work/eger_paper/data/DTA/sent/sent_length_40+/statistics/dependency
_index4/pacf.tex) [16]
Underfull \hbox (badness 10000) in paragraph at lines 273--279

 []

[17]
(/home/leon/work/eger_paper/data/DTA/sent/sent_length_02-09/statistics/stratum_
of_tree5/acf.tex)
(/home/leon/work/eger_paper/data/DTA/sent/sent_length_10-19/statistics/stratum_
of_tree5/acf.tex)
(/home/leon/work/eger_paper/data/DTA/sent/sent_length_20-29/statistics/stratum_
of_tree5/acf.tex)
(/home/leon/work/eger_paper/data/DTA/sent/sent_length_30-39/statistics/stratum_
of_tree5/acf.tex)
(/home/leon/work/eger_paper/data/DTA/sent/sent_length_40+/statistics/stratum_of
_tree5/acf.tex) [18]
(/home/leon/work/eger_paper/data/DTA/sent/sent_length_02-09/statistics/stratum_
of_tree5/pacf.tex)
(/home/leon/work/eger_paper/data/DTA/sent/sent_length_10-19/statistics/stratum_
of_tree5/pacf.tex)
(/home/leon/work/eger_paper/data/DTA/sent/sent_length_20-29/statistics/stratum_
of_tree5/pacf.tex)
(/home/leon/work/eger_paper/data/DTA/sent/sent_length_30-39/statistics/stratum_
of_tree5/pacf.tex)
(/home/leon/work/eger_paper/data/DTA/sent/sent_length_40+/statistics/stratum_of
_tree5/pacf.tex) [19]
Underfull \hbox (badness 10000) in paragraph at lines 324--330

 []

[20]
(/home/leon/work/eger_paper/data/DTA/sent/sent_length_02-09/statistics/depth_of
_tree6/acf.tex)
(/home/leon/work/eger_paper/data/DTA/sent/sent_length_10-19/statistics/depth_of
_tree6/acf.tex)
(/home/leon/work/eger_paper/data/DTA/sent/sent_length_20-29/statistics/depth_of
_tree6/acf.tex)
(/home/leon/work/eger_paper/data/DTA/sent/sent_length_30-39/statistics/depth_of
_tree6/acf.tex)
(/home/leon/work/eger_paper/data/DTA/sent/sent_length_40+/statistics/depth_of_t
ree6/acf.tex) [21]
(/home/leon/work/eger_paper/data/DTA/sent/sent_length_02-09/statistics/depth_of
_tree6/pacf.tex)
(/home/leon/work/eger_paper/data/DTA/sent/sent_length_10-19/statistics/depth_of
_tree6/pacf.tex)
(/home/leon/work/eger_paper/data/DTA/sent/sent_length_20-29/statistics/depth_of
_tree6/pacf.tex)
(/home/leon/work/eger_paper/data/DTA/sent/sent_length_30-39/statistics/depth_of
_tree6/pacf.tex)
(/home/leon/work/eger_paper/data/DTA/sent/sent_length_40+/statistics/depth_of_t
ree6/pacf.tex) [22]
Underfull \hbox (badness 10000) in paragraph at lines 375--381

 []

[23]
(/home/leon/work/eger_paper/data/DTA/sent/sent_length_02-09/statistics/ratio_ve
rtices_on_lp_from_rt7/acf.tex)
(/home/leon/work/eger_paper/data/DTA/sent/sent_length_10-19/statistics/ratio_ve
rtices_on_lp_from_rt7/acf.tex)
(/home/leon/work/eger_paper/data/DTA/sent/sent_length_20-29/statistics/ratio_ve
rtices_on_lp_from_rt7/acf.tex)
(/home/leon/work/eger_paper/data/DTA/sent/sent_length_30-39/statistics/ratio_ve
rtices_on_lp_from_rt7/acf.tex)
(/home/leon/work/eger_paper/data/DTA/sent/sent_length_40+/statistics/ratio_vert
ices_on_lp_from_rt7/acf.tex) [24]
(/home/leon/work/eger_paper/data/DTA/sent/sent_length_02-09/statistics/ratio_ve
rtices_on_lp_from_rt7/pacf.tex)
(/home/leon/work/eger_paper/data/DTA/sent/sent_length_10-19/statistics/ratio_ve
rtices_on_lp_from_rt7/pacf.tex)
(/home/leon/work/eger_paper/data/DTA/sent/sent_length_20-29/statistics/ratio_ve
rtices_on_lp_from_rt7/pacf.tex)
(/home/leon/work/eger_paper/data/DTA/sent/sent_length_30-39/statistics/ratio_ve
rtices_on_lp_from_rt7/pacf.tex)
(/home/leon/work/eger_paper/data/DTA/sent/sent_length_40+/statistics/ratio_vert
ices_on_lp_from_rt7/pacf.tex) [25]
Underfull \hbox (badness 10000) in paragraph at lines 426--432

 []

[26]
(/home/leon/work/eger_paper/data/DTA/sent/sent_length_02-09/statistics/leaf_dis
tance_entropy8/acf.tex)
(/home/leon/work/eger_paper/data/DTA/sent/sent_length_10-19/statistics/leaf_dis
tance_entropy8/acf.tex)
(/home/leon/work/eger_paper/data/DTA/sent/sent_length_20-29/statistics/leaf_dis
tance_entropy8/acf.tex)
(/home/leon/work/eger_paper/data/DTA/sent/sent_length_30-39/statistics/leaf_dis
tance_entropy8/acf.tex)
(/home/leon/work/eger_paper/data/DTA/sent/sent_length_40+/statistics/leaf_dista
nce_entropy8/acf.tex) [27]
(/home/leon/work/eger_paper/data/DTA/sent/sent_length_02-09/statistics/leaf_dis
tance_entropy8/pacf.tex)
(/home/leon/work/eger_paper/data/DTA/sent/sent_length_10-19/statistics/leaf_dis
tance_entropy8/pacf.tex)
(/home/leon/work/eger_paper/data/DTA/sent/sent_length_20-29/statistics/leaf_dis
tance_entropy8/pacf.tex)
(/home/leon/work/eger_paper/data/DTA/sent/sent_length_30-39/statistics/leaf_dis
tance_entropy8/pacf.tex)
(/home/leon/work/eger_paper/data/DTA/sent/sent_length_40+/statistics/leaf_dista
nce_entropy8/pacf.tex) [28]
Underfull \hbox (badness 10000) in paragraph at lines 477--483

 []

[29]
(/home/leon/work/eger_paper/data/DTA/sent/sent_length_02-09/statistics/ratio_of
_leafs_at_d1_to_rt9/acf.tex)
(/home/leon/work/eger_paper/data/DTA/sent/sent_length_10-19/statistics/ratio_of
_leafs_at_d1_to_rt9/acf.tex)
(/home/leon/work/eger_paper/data/DTA/sent/sent_length_20-29/statistics/ratio_of
_leafs_at_d1_to_rt9/acf.tex)
(/home/leon/work/eger_paper/data/DTA/sent/sent_length_30-39/statistics/ratio_of
_leafs_at_d1_to_rt9/acf.tex)
(/home/leon/work/eger_paper/data/DTA/sent/sent_length_40+/statistics/ratio_of_l
eafs_at_d1_to_rt9/acf.tex) [30]
(/home/leon/work/eger_paper/data/DTA/sent/sent_length_02-09/statistics/ratio_of
_leafs_at_d1_to_rt9/pacf.tex)
(/home/leon/work/eger_paper/data/DTA/sent/sent_length_10-19/statistics/ratio_of
_leafs_at_d1_to_rt9/pacf.tex)
(/home/leon/work/eger_paper/data/DTA/sent/sent_length_20-29/statistics/ratio_of
_leafs_at_d1_to_rt9/pacf.tex)
(/home/leon/work/eger_paper/data/DTA/sent/sent_length_30-39/statistics/ratio_of
_leafs_at_d1_to_rt9/pacf.tex)
(/home/leon/work/eger_paper/data/DTA/sent/sent_length_40+/statistics/ratio_of_l
eafs_at_d1_to_rt9/pacf.tex) [31]
Underfull \hbox (badness 10000) in paragraph at lines 528--534

 []

[32]
(/home/leon/work/eger_paper/data/DTA/sent/sent_length_02-09/statistics/mean_dep
endency_distance10/acf.tex)
(/home/leon/work/eger_paper/data/DTA/sent/sent_length_10-19/statistics/mean_dep
endency_distance10/acf.tex)
(/home/leon/work/eger_paper/data/DTA/sent/sent_length_20-29/statistics/mean_dep
endency_distance10/acf.tex)
(/home/leon/work/eger_paper/data/DTA/sent/sent_length_30-39/statistics/mean_dep
endency_distance10/acf.tex)
(/home/leon/work/eger_paper/data/DTA/sent/sent_length_40+/statistics/mean_depen
dency_distance10/acf.tex) [33]
(/home/leon/work/eger_paper/data/DTA/sent/sent_length_02-09/statistics/mean_dep
endency_distance10/pacf.tex)
(/home/leon/work/eger_paper/data/DTA/sent/sent_length_10-19/statistics/mean_dep
endency_distance10/pacf.tex)
(/home/leon/work/eger_paper/data/DTA/sent/sent_length_20-29/statistics/mean_dep
endency_distance10/pacf.tex)
(/home/leon/work/eger_paper/data/DTA/sent/sent_length_30-39/statistics/mean_dep
endency_distance10/pacf.tex)
(/home/leon/work/eger_paper/data/DTA/sent/sent_length_40+/statistics/mean_depen
dency_distance10/pacf.tex) [34]
Underfull \hbox (badness 10000) in paragraph at lines 579--585

 []

[35]
(/home/leon/work/eger_paper/data/DTA/sent/sent_length_02-09/statistics/dependen
cy_distance_entropy11/acf.tex)
(/home/leon/work/eger_paper/data/DTA/sent/sent_length_10-19/statistics/dependen
cy_distance_entropy11/acf.tex)
(/home/leon/work/eger_paper/data/DTA/sent/sent_length_20-29/statistics/dependen
cy_distance_entropy11/acf.tex)
(/home/leon/work/eger_paper/data/DTA/sent/sent_length_30-39/statistics/dependen
cy_distance_entropy11/acf.tex)
(/home/leon/work/eger_paper/data/DTA/sent/sent_length_40+/statistics/dependency
_distance_entropy11/acf.tex) [36]
(/home/leon/work/eger_paper/data/DTA/sent/sent_length_02-09/statistics/dependen
cy_distance_entropy11/pacf.tex)
(/home/leon/work/eger_paper/data/DTA/sent/sent_length_10-19/statistics/dependen
cy_distance_entropy11/pacf.tex)
(/home/leon/work/eger_paper/data/DTA/sent/sent_length_20-29/statistics/dependen
cy_distance_entropy11/pacf.tex)
(/home/leon/work/eger_paper/data/DTA/sent/sent_length_30-39/statistics/dependen
cy_distance_entropy11/pacf.tex)
(/home/leon/work/eger_paper/data/DTA/sent/sent_length_40+/statistics/dependency
_distance_entropy11/pacf.tex) [37]
Underfull \hbox (badness 10000) in paragraph at lines 630--636

 []

[38]
(/home/leon/work/eger_paper/data/DTA/sent/sent_length_02-09/statistics/ratio_ar
cs_adjacent_tokens12/acf.tex)
(/home/leon/work/eger_paper/data/DTA/sent/sent_length_10-19/statistics/ratio_ar
cs_adjacent_tokens12/acf.tex)
(/home/leon/work/eger_paper/data/DTA/sent/sent_length_20-29/statistics/ratio_ar
cs_adjacent_tokens12/acf.tex)
(/home/leon/work/eger_paper/data/DTA/sent/sent_length_30-39/statistics/ratio_ar
cs_adjacent_tokens12/acf.tex)
(/home/leon/work/eger_paper/data/DTA/sent/sent_length_40+/statistics/ratio_arcs
_adjacent_tokens12/acf.tex) [39]
(/home/leon/work/eger_paper/data/DTA/sent/sent_length_02-09/statistics/ratio_ar
cs_adjacent_tokens12/pacf.tex)
(/home/leon/work/eger_paper/data/DTA/sent/sent_length_10-19/statistics/ratio_ar
cs_adjacent_tokens12/pacf.tex)
(/home/leon/work/eger_paper/data/DTA/sent/sent_length_20-29/statistics/ratio_ar
cs_adjacent_tokens12/pacf.tex)
(/home/leon/work/eger_paper/data/DTA/sent/sent_length_30-39/statistics/ratio_ar
cs_adjacent_tokens12/pacf.tex)
(/home/leon/work/eger_paper/data/DTA/sent/sent_length_40+/statistics/ratio_arcs
_adjacent_tokens12/pacf.tex) [40]
Underfull \hbox (badness 10000) in paragraph at lines 681--687

 []

[41]
(/home/leon/work/eger_paper/data/DTA/sent/sent_length_02-09/statistics/ratio_ar
cs_distances_occ_once13/acf.tex)
(/home/leon/work/eger_paper/data/DTA/sent/sent_length_10-19/statistics/ratio_ar
cs_distances_occ_once13/acf.tex)
(/home/leon/work/eger_paper/data/DTA/sent/sent_length_20-29/statistics/ratio_ar
cs_distances_occ_once13/acf.tex)
(/home/leon/work/eger_paper/data/DTA/sent/sent_length_30-39/statistics/ratio_ar
cs_distances_occ_once13/acf.tex)
(/home/leon/work/eger_paper/data/DTA/sent/sent_length_40+/statistics/ratio_arcs
_distances_occ_once13/acf.tex) [42]
(/home/leon/work/eger_paper/data/DTA/sent/sent_length_02-09/statistics/ratio_ar
cs_distances_occ_once13/pacf.tex)
(/home/leon/work/eger_paper/data/DTA/sent/sent_length_10-19/statistics/ratio_ar
cs_distances_occ_once13/pacf.tex)
(/home/leon/work/eger_paper/data/DTA/sent/sent_length_20-29/statistics/ratio_ar
cs_distances_occ_once13/pacf.tex)
(/home/leon/work/eger_paper/data/DTA/sent/sent_length_30-39/statistics/ratio_ar
cs_distances_occ_once13/pacf.tex)
(/home/leon/work/eger_paper/data/DTA/sent/sent_length_40+/statistics/ratio_arcs
_distances_occ_once13/pacf.tex) [43]
Underfull \hbox (badness 10000) in paragraph at lines 732--738

 []

[44]
(/home/leon/work/eger_paper/data/DTA/sent/sent_length_02-09/statistics/imbalanc
e_index14/acf.tex)
(/home/leon/work/eger_paper/data/DTA/sent/sent_length_10-19/statistics/imbalanc
e_index14/acf.tex)
(/home/leon/work/eger_paper/data/DTA/sent/sent_length_20-29/statistics/imbalanc
e_index14/acf.tex)
(/home/leon/work/eger_paper/data/DTA/sent/sent_length_30-39/statistics/imbalanc
e_index14/acf.tex)
(/home/leon/work/eger_paper/data/DTA/sent/sent_length_40+/statistics/imbalance_
index14/acf.tex) [45]
(/home/leon/work/eger_paper/data/DTA/sent/sent_length_02-09/statistics/imbalanc
e_index14/pacf.tex)
(/home/leon/work/eger_paper/data/DTA/sent/sent_length_10-19/statistics/imbalanc
e_index14/pacf.tex)
(/home/leon/work/eger_paper/data/DTA/sent/sent_length_20-29/statistics/imbalanc
e_index14/pacf.tex)
(/home/leon/work/eger_paper/data/DTA/sent/sent_length_30-39/statistics/imbalanc
e_index14/pacf.tex)
(/home/leon/work/eger_paper/data/DTA/sent/sent_length_40+/statistics/imbalance_
index14/pacf.tex) [46]
Underfull \hbox (badness 10000) in paragraph at lines 783--789

 []

[47]
(/home/leon/work/eger_paper/data/DTA/sent/sent_length_02-09/statistics/ratio_of
_leafs15/acf.tex)
(/home/leon/work/eger_paper/data/DTA/sent/sent_length_10-19/statistics/ratio_of
_leafs15/acf.tex)
(/home/leon/work/eger_paper/data/DTA/sent/sent_length_20-29/statistics/ratio_of
_leafs15/acf.tex)
(/home/leon/work/eger_paper/data/DTA/sent/sent_length_30-39/statistics/ratio_of
_leafs15/acf.tex)
(/home/leon/work/eger_paper/data/DTA/sent/sent_length_40+/statistics/ratio_of_l
eafs15/acf.tex) [48]
(/home/leon/work/eger_paper/data/DTA/sent/sent_length_02-09/statistics/ratio_of
_leafs15/pacf.tex)
(/home/leon/work/eger_paper/data/DTA/sent/sent_length_10-19/statistics/ratio_of
_leafs15/pacf.tex)
(/home/leon/work/eger_paper/data/DTA/sent/sent_length_20-29/statistics/ratio_of
_leafs15/pacf.tex)
(/home/leon/work/eger_paper/data/DTA/sent/sent_length_30-39/statistics/ratio_of
_leafs15/pacf.tex)
(/home/leon/work/eger_paper/data/DTA/sent/sent_length_40+/statistics/ratio_of_l
eafs15/pacf.tex) [49]
Underfull \hbox (badness 10000) in paragraph at lines 834--840

 []

[50]
(/home/leon/work/eger_paper/data/DTA/sent/sent_length_02-09/statistics/number_o
f_leafs16/acf.tex)
(/home/leon/work/eger_paper/data/DTA/sent/sent_length_10-19/statistics/number_o
f_leafs16/acf.tex)
(/home/leon/work/eger_paper/data/DTA/sent/sent_length_20-29/statistics/number_o
f_leafs16/acf.tex)
(/home/leon/work/eger_paper/data/DTA/sent/sent_length_30-39/statistics/number_o
f_leafs16/acf.tex)
(/home/leon/work/eger_paper/data/DTA/sent/sent_length_40+/statistics/number_of_
leafs16/acf.tex) [51]
(/home/leon/work/eger_paper/data/DTA/sent/sent_length_02-09/statistics/number_o
f_leafs16/pacf.tex)
(/home/leon/work/eger_paper/data/DTA/sent/sent_length_10-19/statistics/number_o
f_leafs16/pacf.tex)
(/home/leon/work/eger_paper/data/DTA/sent/sent_length_20-29/statistics/number_o
f_leafs16/pacf.tex)
(/home/leon/work/eger_paper/data/DTA/sent/sent_length_30-39/statistics/number_o
f_leafs16/pacf.tex)
(/home/leon/work/eger_paper/data/DTA/sent/sent_length_40+/statistics/number_of_
leafs16/pacf.tex) [52]
Underfull \hbox (badness 10000) in paragraph at lines 885--891

 []

[53]
(/home/leon/work/eger_paper/data/DTA/sent/sent_length_02-09/statistics/width_of
_tree19/acf.tex)
(/home/leon/work/eger_paper/data/DTA/sent/sent_length_10-19/statistics/width_of
_tree19/acf.tex)
(/home/leon/work/eger_paper/data/DTA/sent/sent_length_20-29/statistics/width_of
_tree19/acf.tex)
(/home/leon/work/eger_paper/data/DTA/sent/sent_length_30-39/statistics/width_of
_tree19/acf.tex)
(/home/leon/work/eger_paper/data/DTA/sent/sent_length_40+/statistics/width_of_t
ree19/acf.tex) [54]
(/home/leon/work/eger_paper/data/DTA/sent/sent_length_02-09/statistics/width_of
_tree19/pacf.tex)
(/home/leon/work/eger_paper/data/DTA/sent/sent_length_10-19/statistics/width_of
_tree19/pacf.tex)
(/home/leon/work/eger_paper/data/DTA/sent/sent_length_20-29/statistics/width_of
_tree19/pacf.tex)
(/home/leon/work/eger_paper/data/DTA/sent/sent_length_30-39/statistics/width_of
_tree19/pacf.tex)
(/home/leon/work/eger_paper/data/DTA/sent/sent_length_40+/statistics/width_of_t
ree19/pacf.tex) [55]
Underfull \hbox (badness 10000) in paragraph at lines 936--942

 []

[56]
(/home/leon/work/eger_paper/data/DTA/sent/sent_length_02-09/statistics/lowest_l
v_max_width20/acf.tex)
(/home/leon/work/eger_paper/data/DTA/sent/sent_length_10-19/statistics/lowest_l
v_max_width20/acf.tex)
(/home/leon/work/eger_paper/data/DTA/sent/sent_length_20-29/statistics/lowest_l
v_max_width20/acf.tex)
(/home/leon/work/eger_paper/data/DTA/sent/sent_length_30-39/statistics/lowest_l
v_max_width20/acf.tex)
(/home/leon/work/eger_paper/data/DTA/sent/sent_length_40+/statistics/lowest_lv_
max_width20/acf.tex) [57]
(/home/leon/work/eger_paper/data/DTA/sent/sent_length_02-09/statistics/lowest_l
v_max_width20/pacf.tex)
(/home/leon/work/eger_paper/data/DTA/sent/sent_length_10-19/statistics/lowest_l
v_max_width20/pacf.tex)
(/home/leon/work/eger_paper/data/DTA/sent/sent_length_20-29/statistics/lowest_l
v_max_width20/pacf.tex)
(/home/leon/work/eger_paper/data/DTA/sent/sent_length_30-39/statistics/lowest_l
v_max_width20/pacf.tex)
(/home/leon/work/eger_paper/data/DTA/sent/sent_length_40+/statistics/lowest_lv_
max_width20/pacf.tex) [58]
Underfull \hbox (badness 10000) in paragraph at lines 987--993

 []

[59]
(/home/leon/work/eger_paper/data/DTA/sent/sent_length_02-09/statistics/ratio_ve
rtices_belonging_latter_level21/acf.tex)
(/home/leon/work/eger_paper/data/DTA/sent/sent_length_10-19/statistics/ratio_ve
rtices_belonging_latter_level21/acf.tex)
(/home/leon/work/eger_paper/data/DTA/sent/sent_length_20-29/statistics/ratio_ve
rtices_belonging_latter_level21/acf.tex)
(/home/leon/work/eger_paper/data/DTA/sent/sent_length_30-39/statistics/ratio_ve
rtices_belonging_latter_level21/acf.tex)
(/home/leon/work/eger_paper/data/DTA/sent/sent_length_40+/statistics/ratio_vert
ices_belonging_latter_level21/acf.tex) [60]
(/home/leon/work/eger_paper/data/DTA/sent/sent_length_02-09/statistics/ratio_ve
rtices_belonging_latter_level21/pacf.tex)
(/home/leon/work/eger_paper/data/DTA/sent/sent_length_10-19/statistics/ratio_ve
rtices_belonging_latter_level21/pacf.tex)
(/home/leon/work/eger_paper/data/DTA/sent/sent_length_20-29/statistics/ratio_ve
rtices_belonging_latter_level21/pacf.tex)
(/home/leon/work/eger_paper/data/DTA/sent/sent_length_30-39/statistics/ratio_ve
rtices_belonging_latter_level21/pacf.tex)
(/home/leon/work/eger_paper/data/DTA/sent/sent_length_40+/statistics/ratio_vert
ices_belonging_latter_level21/pacf.tex) [61]
Underfull \hbox (badness 10000) in paragraph at lines 1038--1044

 []

[62]
(/home/leon/work/eger_paper/data/DTA/sent/sent_length_02-09/statistics/Hirsch_i
ndex22/acf.tex)
(/home/leon/work/eger_paper/data/DTA/sent/sent_length_10-19/statistics/Hirsch_i
ndex22/acf.tex)
(/home/leon/work/eger_paper/data/DTA/sent/sent_length_20-29/statistics/Hirsch_i
ndex22/acf.tex)
(/home/leon/work/eger_paper/data/DTA/sent/sent_length_30-39/statistics/Hirsch_i
ndex22/acf.tex)
(/home/leon/work/eger_paper/data/DTA/sent/sent_length_40+/statistics/Hirsch_ind
ex22/acf.tex) [63]
(/home/leon/work/eger_paper/data/DTA/sent/sent_length_02-09/statistics/Hirsch_i
ndex22/pacf.tex)
(/home/leon/work/eger_paper/data/DTA/sent/sent_length_10-19/statistics/Hirsch_i
ndex22/pacf.tex)
(/home/leon/work/eger_paper/data/DTA/sent/sent_length_20-29/statistics/Hirsch_i
ndex22/pacf.tex)
(/home/leon/work/eger_paper/data/DTA/sent/sent_length_30-39/statistics/Hirsch_i
ndex22/pacf.tex)
(/home/leon/work/eger_paper/data/DTA/sent/sent_length_40+/statistics/Hirsch_ind
ex22/pacf.tex) [64]
Underfull \hbox (badness 10000) in paragraph at lines 1089--1095

 []

[65]
(/home/leon/work/eger_paper/data/DTA/sent/sent_length_02-09/statistics/ratio_ve
rtices_contributing_h_index23/acf.tex)
(/home/leon/work/eger_paper/data/DTA/sent/sent_length_10-19/statistics/ratio_ve
rtices_contributing_h_index23/acf.tex)
(/home/leon/work/eger_paper/data/DTA/sent/sent_length_20-29/statistics/ratio_ve
rtices_contributing_h_index23/acf.tex)
(/home/leon/work/eger_paper/data/DTA/sent/sent_length_30-39/statistics/ratio_ve
rtices_contributing_h_index23/acf.tex)
(/home/leon/work/eger_paper/data/DTA/sent/sent_length_40+/statistics/ratio_vert
ices_contributing_h_index23/acf.tex) [66]
(/home/leon/work/eger_paper/data/DTA/sent/sent_length_02-09/statistics/ratio_ve
rtices_contributing_h_index23/pacf.tex)
(/home/leon/work/eger_paper/data/DTA/sent/sent_length_10-19/statistics/ratio_ve
rtices_contributing_h_index23/pacf.tex)
(/home/leon/work/eger_paper/data/DTA/sent/sent_length_20-29/statistics/ratio_ve
rtices_contributing_h_index23/pacf.tex
! Dimension too large.
<recently read> \pgf@yy 
                        
l.995 \end{axis}
                
I can't work with sizes bigger than about 19 feet.
Continue and I'll use the largest value I can.

! Dimension too large.
\pgfusepath ...@y by.5\pgflinewidth \ifdim \pgf@y 
                                                  >\pgf@picmaxy \global \pgf...
l.995 \end{axis}
                
I can't work with sizes bigger than about 19 feet.
Continue and I'll use the largest value I can.

! Dimension too large.
<recently read> \pgf@yy 
                        
l.995 \end{axis}
                
I can't work with sizes bigger than about 19 feet.
Continue and I'll use the largest value I can.

)
(/home/leon/work/eger_paper/data/DTA/sent/sent_length_30-39/statistics/ratio_ve
rtices_contributing_h_index23/pacf.tex)
(/home/leon/work/eger_paper/data/DTA/sent/sent_length_40+/statistics/ratio_vert
ices_contributing_h_index23/pacf.tex) [67]
Underfull \hbox (badness 10000) in paragraph at lines 1140--1146

 []

[68]
(/home/leon/work/eger_paper/data/DTA/sent/sent_length_02-09/statistics/relative
_h_index24/acf.tex)
(/home/leon/work/eger_paper/data/DTA/sent/sent_length_10-19/statistics/relative
_h_index24/acf.tex)
(/home/leon/work/eger_paper/data/DTA/sent/sent_length_20-29/statistics/relative
_h_index24/acf.tex)
(/home/leon/work/eger_paper/data/DTA/sent/sent_length_30-39/statistics/relative
_h_index24/acf.tex)
(/home/leon/work/eger_paper/data/DTA/sent/sent_length_40+/statistics/relative_h
_index24/acf.tex) [69]
(/home/leon/work/eger_paper/data/DTA/sent/sent_length_02-09/statistics/relative
_h_index24/pacf.tex)
(/home/leon/work/eger_paper/data/DTA/sent/sent_length_10-19/statistics/relative
_h_index24/pacf.tex)
(/home/leon/work/eger_paper/data/DTA/sent/sent_length_20-29/statistics/relative
_h_index24/pacf.tex)
(/home/leon/work/eger_paper/data/DTA/sent/sent_length_30-39/statistics/relative
_h_index24/pacf.tex)
(/home/leon/work/eger_paper/data/DTA/sent/sent_length_40+/statistics/relative_h
_index24/pacf.tex) [70]
Underfull \hbox (badness 10000) in paragraph at lines 1191--1197

 []

[71]
(/home/leon/work/eger_paper/data/DTA/doc/sent_length_02-09/statistics/n_verbs0/
acf.tex)
(/home/leon/work/eger_paper/data/DTA/doc/sent_length_10-19/statistics/n_verbs0/
acf.tex)
(/home/leon/work/eger_paper/data/DTA/doc/sent_length_20-29/statistics/n_verbs0/
acf.tex)
(/home/leon/work/eger_paper/data/DTA/doc/sent_length_30-39/statistics/n_verbs0/
acf.tex)
(/home/leon/work/eger_paper/data/DTA/doc/sent_length_40+/statistics/n_verbs0/ac
f.tex) [72]
(/home/leon/work/eger_paper/data/DTA/doc/sent_length_02-09/statistics/n_verbs0/
pacf.tex)
(/home/leon/work/eger_paper/data/DTA/doc/sent_length_10-19/statistics/n_verbs0/
pacf.tex)
(/home/leon/work/eger_paper/data/DTA/doc/sent_length_20-29/statistics/n_verbs0/
pacf.tex)
(/home/leon/work/eger_paper/data/DTA/doc/sent_length_30-39/statistics/n_verbs0/
pacf.tex)
(/home/leon/work/eger_paper/data/DTA/doc/sent_length_40+/statistics/n_verbs0/pa
cf.tex) [73]
Underfull \hbox (badness 10000) in paragraph at lines 1244--1250

 []

[74]
(/home/leon/work/eger_paper/data/DTA/doc/sent_length_02-09/statistics/complexit
y_ratio1/acf.tex)
(/home/leon/work/eger_paper/data/DTA/doc/sent_length_10-19/statistics/complexit
y_ratio1/acf.tex)
(/home/leon/work/eger_paper/data/DTA/doc/sent_length_20-29/statistics/complexit
y_ratio1/acf.tex)
(/home/leon/work/eger_paper/data/DTA/doc/sent_length_30-39/statistics/complexit
y_ratio1/acf.tex)
(/home/leon/work/eger_paper/data/DTA/doc/sent_length_40+/statistics/complexity_
ratio1/acf.tex) [75]
(/home/leon/work/eger_paper/data/DTA/doc/sent_length_02-09/statistics/complexit
y_ratio1/pacf.tex)
(/home/leon/work/eger_paper/data/DTA/doc/sent_length_10-19/statistics/complexit
y_ratio1/pacf.tex)
(/home/leon/work/eger_paper/data/DTA/doc/sent_length_20-29/statistics/complexit
y_ratio1/pacf.tex)
(/home/leon/work/eger_paper/data/DTA/doc/sent_length_30-39/statistics/complexit
y_ratio1/pacf.tex)
(/home/leon/work/eger_paper/data/DTA/doc/sent_length_40+/statistics/complexity_
ratio1/pacf.tex) [76]
Underfull \hbox (badness 10000) in paragraph at lines 1295--1301

 []

[77]
(/home/leon/work/eger_paper/data/DTA/doc/sent_length_02-09/statistics/absolute_
complexity2/acf.tex)
(/home/leon/work/eger_paper/data/DTA/doc/sent_length_10-19/statistics/absolute_
complexity2/acf.tex)
(/home/leon/work/eger_paper/data/DTA/doc/sent_length_20-29/statistics/absolute_
complexity2/acf.tex)
(/home/leon/work/eger_paper/data/DTA/doc/sent_length_30-39/statistics/absolute_
complexity2/acf.tex)
(/home/leon/work/eger_paper/data/DTA/doc/sent_length_40+/statistics/absolute_co
mplexity2/acf.tex) [78]
(/home/leon/work/eger_paper/data/DTA/doc/sent_length_02-09/statistics/absolute_
complexity2/pacf.tex)
(/home/leon/work/eger_paper/data/DTA/doc/sent_length_10-19/statistics/absolute_
complexity2/pacf.tex)
(/home/leon/work/eger_paper/data/DTA/doc/sent_length_20-29/statistics/absolute_
complexity2/pacf.tex)
(/home/leon/work/eger_paper/data/DTA/doc/sent_length_30-39/statistics/absolute_
complexity2/pacf.tex)
(/home/leon/work/eger_paper/data/DTA/doc/sent_length_40+/statistics/absolute_co
mplexity2/pacf.tex) [79]
Underfull \hbox (badness 10000) in paragraph at lines 1346--1352

 []

[80]
(/home/leon/work/eger_paper/data/DTA/doc/sent_length_02-09/statistics/order_of_
tree3/acf.tex)
(/home/leon/work/eger_paper/data/DTA/doc/sent_length_10-19/statistics/order_of_
tree3/acf.tex)
(/home/leon/work/eger_paper/data/DTA/doc/sent_length_20-29/statistics/order_of_
tree3/acf.tex)
(/home/leon/work/eger_paper/data/DTA/doc/sent_length_30-39/statistics/order_of_
tree3/acf.tex)
(/home/leon/work/eger_paper/data/DTA/doc/sent_length_40+/statistics/order_of_tr
ee3/acf.tex) [81]
(/home/leon/work/eger_paper/data/DTA/doc/sent_length_02-09/statistics/order_of_
tree3/pacf.tex)
(/home/leon/work/eger_paper/data/DTA/doc/sent_length_10-19/statistics/order_of_
tree3/pacf.tex)
(/home/leon/work/eger_paper/data/DTA/doc/sent_length_20-29/statistics/order_of_
tree3/pacf.tex)
(/home/leon/work/eger_paper/data/DTA/doc/sent_length_30-39/statistics/order_of_
tree3/pacf.tex)
(/home/leon/work/eger_paper/data/DTA/doc/sent_length_40+/statistics/order_of_tr
ee3/pacf.tex) [82]
Underfull \hbox (badness 10000) in paragraph at lines 1397--1403

 []

[83]
(/home/leon/work/eger_paper/data/DTA/doc/sent_length_02-09/statistics/dependenc
y_index4/acf.tex)
(/home/leon/work/eger_paper/data/DTA/doc/sent_length_10-19/statistics/dependenc
y_index4/acf.tex)
(/home/leon/work/eger_paper/data/DTA/doc/sent_length_20-29/statistics/dependenc
y_index4/acf.tex)
(/home/leon/work/eger_paper/data/DTA/doc/sent_length_30-39/statistics/dependenc
y_index4/acf.tex)
(/home/leon/work/eger_paper/data/DTA/doc/sent_length_40+/statistics/dependency_
index4/acf.tex) [84]
(/home/leon/work/eger_paper/data/DTA/doc/sent_length_02-09/statistics/dependenc
y_index4/pacf.tex)
(/home/leon/work/eger_paper/data/DTA/doc/sent_length_10-19/statistics/dependenc
y_index4/pacf.tex)
(/home/leon/work/eger_paper/data/DTA/doc/sent_length_20-29/statistics/dependenc
y_index4/pacf.tex)
(/home/leon/work/eger_paper/data/DTA/doc/sent_length_30-39/statistics/dependenc
y_index4/pacf.tex)
(/home/leon/work/eger_paper/data/DTA/doc/sent_length_40+/statistics/dependency_
index4/pacf.tex) [85]
Underfull \hbox (badness 10000) in paragraph at lines 1448--1454

 []

[86]
(/home/leon/work/eger_paper/data/DTA/doc/sent_length_02-09/statistics/stratum_o
f_tree5/acf.tex)
(/home/leon/work/eger_paper/data/DTA/doc/sent_length_10-19/statistics/stratum_o
f_tree5/acf.tex)
(/home/leon/work/eger_paper/data/DTA/doc/sent_length_20-29/statistics/stratum_o
f_tree5/acf.tex)
(/home/leon/work/eger_paper/data/DTA/doc/sent_length_30-39/statistics/stratum_o
f_tree5/acf.tex)
(/home/leon/work/eger_paper/data/DTA/doc/sent_length_40+/statistics/stratum_of_
tree5/acf.tex) [87]
(/home/leon/work/eger_paper/data/DTA/doc/sent_length_02-09/statistics/stratum_o
f_tree5/pacf.tex)
(/home/leon/work/eger_paper/data/DTA/doc/sent_length_10-19/statistics/stratum_o
f_tree5/pacf.tex)
(/home/leon/work/eger_paper/data/DTA/doc/sent_length_20-29/statistics/stratum_o
f_tree5/pacf.tex)
(/home/leon/work/eger_paper/data/DTA/doc/sent_length_30-39/statistics/stratum_o
f_tree5/pacf.tex)
(/home/leon/work/eger_paper/data/DTA/doc/sent_length_40+/statistics/stratum_of_
tree5/pacf.tex) [88]
Underfull \hbox (badness 10000) in paragraph at lines 1499--1505

 []

[89]
(/home/leon/work/eger_paper/data/DTA/doc/sent_length_02-09/statistics/depth_of_
tree6/acf.tex)
(/home/leon/work/eger_paper/data/DTA/doc/sent_length_10-19/statistics/depth_of_
tree6/acf.tex)
(/home/leon/work/eger_paper/data/DTA/doc/sent_length_20-29/statistics/depth_of_
tree6/acf.tex)
(/home/leon/work/eger_paper/data/DTA/doc/sent_length_30-39/statistics/depth_of_
tree6/acf.tex)
(/home/leon/work/eger_paper/data/DTA/doc/sent_length_40+/statistics/depth_of_tr
ee6/acf.tex) [90]
(/home/leon/work/eger_paper/data/DTA/doc/sent_length_02-09/statistics/depth_of_
tree6/pacf.tex)
(/home/leon/work/eger_paper/data/DTA/doc/sent_length_10-19/statistics/depth_of_
tree6/pacf.tex)
(/home/leon/work/eger_paper/data/DTA/doc/sent_length_20-29/statistics/depth_of_
tree6/pacf.tex)
(/home/leon/work/eger_paper/data/DTA/doc/sent_length_30-39/statistics/depth_of_
tree6/pacf.tex)
(/home/leon/work/eger_paper/data/DTA/doc/sent_length_40+/statistics/depth_of_tr
ee6/pacf.tex) [91]
Underfull \hbox (badness 10000) in paragraph at lines 1550--1556

 []

[92]
(/home/leon/work/eger_paper/data/DTA/doc/sent_length_02-09/statistics/ratio_ver
tices_on_lp_from_rt7/acf.tex)
(/home/leon/work/eger_paper/data/DTA/doc/sent_length_10-19/statistics/ratio_ver
tices_on_lp_from_rt7/acf.tex)
(/home/leon/work/eger_paper/data/DTA/doc/sent_length_20-29/statistics/ratio_ver
tices_on_lp_from_rt7/acf.tex)
(/home/leon/work/eger_paper/data/DTA/doc/sent_length_30-39/statistics/ratio_ver
tices_on_lp_from_rt7/acf.tex)
(/home/leon/work/eger_paper/data/DTA/doc/sent_length_40+/statistics/ratio_verti
ces_on_lp_from_rt7/acf.tex) [93]
(/home/leon/work/eger_paper/data/DTA/doc/sent_length_02-09/statistics/ratio_ver
tices_on_lp_from_rt7/pacf.tex)
(/home/leon/work/eger_paper/data/DTA/doc/sent_length_10-19/statistics/ratio_ver
tices_on_lp_from_rt7/pacf.tex)
(/home/leon/work/eger_paper/data/DTA/doc/sent_length_20-29/statistics/ratio_ver
tices_on_lp_from_rt7/pacf.tex)
(/home/leon/work/eger_paper/data/DTA/doc/sent_length_30-39/statistics/ratio_ver
tices_on_lp_from_rt7/pacf.tex)
(/home/leon/work/eger_paper/data/DTA/doc/sent_length_40+/statistics/ratio_verti
ces_on_lp_from_rt7/pacf.tex) [94]
Underfull \hbox (badness 10000) in paragraph at lines 1601--1607

 []

[95]
(/home/leon/work/eger_paper/data/DTA/doc/sent_length_02-09/statistics/leaf_dist
ance_entropy8/acf.tex)
(/home/leon/work/eger_paper/data/DTA/doc/sent_length_10-19/statistics/leaf_dist
ance_entropy8/acf.tex)
(/home/leon/work/eger_paper/data/DTA/doc/sent_length_20-29/statistics/leaf_dist
ance_entropy8/acf.tex)
(/home/leon/work/eger_paper/data/DTA/doc/sent_length_30-39/statistics/leaf_dist
ance_entropy8/acf.tex)
(/home/leon/work/eger_paper/data/DTA/doc/sent_length_40+/statistics/leaf_distan
ce_entropy8/acf.tex) [96]
(/home/leon/work/eger_paper/data/DTA/doc/sent_length_02-09/statistics/leaf_dist
ance_entropy8/pacf.tex)
(/home/leon/work/eger_paper/data/DTA/doc/sent_length_10-19/statistics/leaf_dist
ance_entropy8/pacf.tex)
(/home/leon/work/eger_paper/data/DTA/doc/sent_length_20-29/statistics/leaf_dist
ance_entropy8/pacf.tex)
(/home/leon/work/eger_paper/data/DTA/doc/sent_length_30-39/statistics/leaf_dist
ance_entropy8/pacf.tex)
(/home/leon/work/eger_paper/data/DTA/doc/sent_length_40+/statistics/leaf_distan
ce_entropy8/pacf.tex) [97]
Underfull \hbox (badness 10000) in paragraph at lines 1652--1658

 []

[98]
(/home/leon/work/eger_paper/data/DTA/doc/sent_length_02-09/statistics/ratio_of_
leafs_at_d1_to_rt9/acf.tex)
(/home/leon/work/eger_paper/data/DTA/doc/sent_length_10-19/statistics/ratio_of_
leafs_at_d1_to_rt9/acf.tex)
(/home/leon/work/eger_paper/data/DTA/doc/sent_length_20-29/statistics/ratio_of_
leafs_at_d1_to_rt9/acf.tex)
(/home/leon/work/eger_paper/data/DTA/doc/sent_length_30-39/statistics/ratio_of_
leafs_at_d1_to_rt9/acf.tex)
(/home/leon/work/eger_paper/data/DTA/doc/sent_length_40+/statistics/ratio_of_le
afs_at_d1_to_rt9/acf.tex) [99]
(/home/leon/work/eger_paper/data/DTA/doc/sent_length_02-09/statistics/ratio_of_
leafs_at_d1_to_rt9/pacf.tex)
(/home/leon/work/eger_paper/data/DTA/doc/sent_length_10-19/statistics/ratio_of_
leafs_at_d1_to_rt9/pacf.tex)
(/home/leon/work/eger_paper/data/DTA/doc/sent_length_20-29/statistics/ratio_of_
leafs_at_d1_to_rt9/pacf.tex)
(/home/leon/work/eger_paper/data/DTA/doc/sent_length_30-39/statistics/ratio_of_
leafs_at_d1_to_rt9/pacf.tex)
(/home/leon/work/eger_paper/data/DTA/doc/sent_length_40+/statistics/ratio_of_le
afs_at_d1_to_rt9/pacf.tex) [100]
Underfull \hbox (badness 10000) in paragraph at lines 1703--1709

 []

[101]
(/home/leon/work/eger_paper/data/DTA/doc/sent_length_02-09/statistics/mean_depe
ndency_distance10/acf.tex)
(/home/leon/work/eger_paper/data/DTA/doc/sent_length_10-19/statistics/mean_depe
ndency_distance10/acf.tex)
(/home/leon/work/eger_paper/data/DTA/doc/sent_length_20-29/statistics/mean_depe
ndency_distance10/acf.tex)
(/home/leon/work/eger_paper/data/DTA/doc/sent_length_30-39/statistics/mean_depe
ndency_distance10/acf.tex)
(/home/leon/work/eger_paper/data/DTA/doc/sent_length_40+/statistics/mean_depend
ency_distance10/acf.tex) [102]
(/home/leon/work/eger_paper/data/DTA/doc/sent_length_02-09/statistics/mean_depe
ndency_distance10/pacf.tex)
(/home/leon/work/eger_paper/data/DTA/doc/sent_length_10-19/statistics/mean_depe
ndency_distance10/pacf.tex)
(/home/leon/work/eger_paper/data/DTA/doc/sent_length_20-29/statistics/mean_depe
ndency_distance10/pacf.tex)
(/home/leon/work/eger_paper/data/DTA/doc/sent_length_30-39/statistics/mean_depe
ndency_distance10/pacf.tex)
(/home/leon/work/eger_paper/data/DTA/doc/sent_length_40+/statistics/mean_depend
ency_distance10/pacf.tex) [103]
Underfull \hbox (badness 10000) in paragraph at lines 1754--1760

 []

[104]
(/home/leon/work/eger_paper/data/DTA/doc/sent_length_02-09/statistics/dependenc
y_distance_entropy11/acf.tex)
(/home/leon/work/eger_paper/data/DTA/doc/sent_length_10-19/statistics/dependenc
y_distance_entropy11/acf.tex)
(/home/leon/work/eger_paper/data/DTA/doc/sent_length_20-29/statistics/dependenc
y_distance_entropy11/acf.tex)
(/home/leon/work/eger_paper/data/DTA/doc/sent_length_30-39/statistics/dependenc
y_distance_entropy11/acf.tex)
(/home/leon/work/eger_paper/data/DTA/doc/sent_length_40+/statistics/dependency_
distance_entropy11/acf.tex) [105]
(/home/leon/work/eger_paper/data/DTA/doc/sent_length_02-09/statistics/dependenc
y_distance_entropy11/pacf.tex)
(/home/leon/work/eger_paper/data/DTA/doc/sent_length_10-19/statistics/dependenc
y_distance_entropy11/pacf.tex)
(/home/leon/work/eger_paper/data/DTA/doc/sent_length_20-29/statistics/dependenc
y_distance_entropy11/pacf.tex)
(/home/leon/work/eger_paper/data/DTA/doc/sent_length_30-39/statistics/dependenc
y_distance_entropy11/pacf.tex)
(/home/leon/work/eger_paper/data/DTA/doc/sent_length_40+/statistics/dependency_
distance_entropy11/pacf.tex) [106]
Underfull \hbox (badness 10000) in paragraph at lines 1805--1811

 []

[107]
(/home/leon/work/eger_paper/data/DTA/doc/sent_length_02-09/statistics/ratio_arc
s_adjacent_tokens12/acf.tex)
(/home/leon/work/eger_paper/data/DTA/doc/sent_length_10-19/statistics/ratio_arc
s_adjacent_tokens12/acf.tex)
(/home/leon/work/eger_paper/data/DTA/doc/sent_length_20-29/statistics/ratio_arc
s_adjacent_tokens12/acf.tex)
(/home/leon/work/eger_paper/data/DTA/doc/sent_length_30-39/statistics/ratio_arc
s_adjacent_tokens12/acf.tex)
(/home/leon/work/eger_paper/data/DTA/doc/sent_length_40+/statistics/ratio_arcs_
adjacent_tokens12/acf.tex) [108]
(/home/leon/work/eger_paper/data/DTA/doc/sent_length_02-09/statistics/ratio_arc
s_adjacent_tokens12/pacf.tex)
(/home/leon/work/eger_paper/data/DTA/doc/sent_length_10-19/statistics/ratio_arc
s_adjacent_tokens12/pacf.tex)
(/home/leon/work/eger_paper/data/DTA/doc/sent_length_20-29/statistics/ratio_arc
s_adjacent_tokens12/pacf.tex)
(/home/leon/work/eger_paper/data/DTA/doc/sent_length_30-39/statistics/ratio_arc
s_adjacent_tokens12/pacf.tex)
(/home/leon/work/eger_paper/data/DTA/doc/sent_length_40+/statistics/ratio_arcs_
adjacent_tokens12/pacf.tex) [109]
Underfull \hbox (badness 10000) in paragraph at lines 1856--1862

 []

[110]
(/home/leon/work/eger_paper/data/DTA/doc/sent_length_02-09/statistics/ratio_arc
s_distances_occ_once13/acf.tex)
(/home/leon/work/eger_paper/data/DTA/doc/sent_length_10-19/statistics/ratio_arc
s_distances_occ_once13/acf.tex)
(/home/leon/work/eger_paper/data/DTA/doc/sent_length_20-29/statistics/ratio_arc
s_distances_occ_once13/acf.tex)
(/home/leon/work/eger_paper/data/DTA/doc/sent_length_30-39/statistics/ratio_arc
s_distances_occ_once13/acf.tex)
(/home/leon/work/eger_paper/data/DTA/doc/sent_length_40+/statistics/ratio_arcs_
distances_occ_once13/acf.tex) [111]
(/home/leon/work/eger_paper/data/DTA/doc/sent_length_02-09/statistics/ratio_arc
s_distances_occ_once13/pacf.tex)
(/home/leon/work/eger_paper/data/DTA/doc/sent_length_10-19/statistics/ratio_arc
s_distances_occ_once13/pacf.tex)
(/home/leon/work/eger_paper/data/DTA/doc/sent_length_20-29/statistics/ratio_arc
s_distances_occ_once13/pacf.tex)
(/home/leon/work/eger_paper/data/DTA/doc/sent_length_30-39/statistics/ratio_arc
s_distances_occ_once13/pacf.tex)
(/home/leon/work/eger_paper/data/DTA/doc/sent_length_40+/statistics/ratio_arcs_
distances_occ_once13/pacf.tex) [112]
Underfull \hbox (badness 10000) in paragraph at lines 1907--1913

 []

[113]
(/home/leon/work/eger_paper/data/DTA/doc/sent_length_02-09/statistics/imbalance
_index14/acf.tex)
(/home/leon/work/eger_paper/data/DTA/doc/sent_length_10-19/statistics/imbalance
_index14/acf.tex)
(/home/leon/work/eger_paper/data/DTA/doc/sent_length_20-29/statistics/imbalance
_index14/acf.tex)
(/home/leon/work/eger_paper/data/DTA/doc/sent_length_30-39/statistics/imbalance
_index14/acf.tex)
(/home/leon/work/eger_paper/data/DTA/doc/sent_length_40+/statistics/imbalance_i
ndex14/acf.tex) [114]
(/home/leon/work/eger_paper/data/DTA/doc/sent_length_02-09/statistics/imbalance
_index14/pacf.tex)
(/home/leon/work/eger_paper/data/DTA/doc/sent_length_10-19/statistics/imbalance
_index14/pacf.tex)
(/home/leon/work/eger_paper/data/DTA/doc/sent_length_20-29/statistics/imbalance
_index14/pacf.tex)
(/home/leon/work/eger_paper/data/DTA/doc/sent_length_30-39/statistics/imbalance
_index14/pacf.tex)
(/home/leon/work/eger_paper/data/DTA/doc/sent_length_40+/statistics/imbalance_i
ndex14/pacf.tex) [115]
Underfull \hbox (badness 10000) in paragraph at lines 1958--1964

 []

[116]
(/home/leon/work/eger_paper/data/DTA/doc/sent_length_02-09/statistics/ratio_of_
leafs15/acf.tex)
(/home/leon/work/eger_paper/data/DTA/doc/sent_length_10-19/statistics/ratio_of_
leafs15/acf.tex)
(/home/leon/work/eger_paper/data/DTA/doc/sent_length_20-29/statistics/ratio_of_
leafs15/acf.tex)
(/home/leon/work/eger_paper/data/DTA/doc/sent_length_30-39/statistics/ratio_of_
leafs15/acf.tex)
(/home/leon/work/eger_paper/data/DTA/doc/sent_length_40+/statistics/ratio_of_le
afs15/acf.tex) [117]
(/home/leon/work/eger_paper/data/DTA/doc/sent_length_02-09/statistics/ratio_of_
leafs15/pacf.tex)
(/home/leon/work/eger_paper/data/DTA/doc/sent_length_10-19/statistics/ratio_of_
leafs15/pacf.tex)
(/home/leon/work/eger_paper/data/DTA/doc/sent_length_20-29/statistics/ratio_of_
leafs15/pacf.tex)
(/home/leon/work/eger_paper/data/DTA/doc/sent_length_30-39/statistics/ratio_of_
leafs15/pacf.tex)
(/home/leon/work/eger_paper/data/DTA/doc/sent_length_40+/statistics/ratio_of_le
afs15/pacf.tex) [118]
Underfull \hbox (badness 10000) in paragraph at lines 2009--2015

 []

[119]
(/home/leon/work/eger_paper/data/DTA/doc/sent_length_02-09/statistics/number_of
_leafs16/acf.tex)
(/home/leon/work/eger_paper/data/DTA/doc/sent_length_10-19/statistics/number_of
_leafs16/acf.tex)
(/home/leon/work/eger_paper/data/DTA/doc/sent_length_20-29/statistics/number_of
_leafs16/acf.tex)
(/home/leon/work/eger_paper/data/DTA/doc/sent_length_30-39/statistics/number_of
_leafs16/acf.tex)
(/home/leon/work/eger_paper/data/DTA/doc/sent_length_40+/statistics/number_of_l
eafs16/acf.tex) [120]
(/home/leon/work/eger_paper/data/DTA/doc/sent_length_02-09/statistics/number_of
_leafs16/pacf.tex)
(/home/leon/work/eger_paper/data/DTA/doc/sent_length_10-19/statistics/number_of
_leafs16/pacf.tex)
(/home/leon/work/eger_paper/data/DTA/doc/sent_length_20-29/statistics/number_of
_leafs16/pacf.tex)
(/home/leon/work/eger_paper/data/DTA/doc/sent_length_30-39/statistics/number_of
_leafs16/pacf.tex)
(/home/leon/work/eger_paper/data/DTA/doc/sent_length_40+/statistics/number_of_l
eafs16/pacf.tex) [121]
Underfull \hbox (badness 10000) in paragraph at lines 2060--2066

 []

[122]
(/home/leon/work/eger_paper/data/DTA/doc/sent_length_02-09/statistics/width_of_
tree19/acf.tex)
(/home/leon/work/eger_paper/data/DTA/doc/sent_length_10-19/statistics/width_of_
tree19/acf.tex)
(/home/leon/work/eger_paper/data/DTA/doc/sent_length_20-29/statistics/width_of_
tree19/acf.tex)
(/home/leon/work/eger_paper/data/DTA/doc/sent_length_30-39/statistics/width_of_
tree19/acf.tex)
(/home/leon/work/eger_paper/data/DTA/doc/sent_length_40+/statistics/width_of_tr
ee19/acf.tex) [123]
(/home/leon/work/eger_paper/data/DTA/doc/sent_length_02-09/statistics/width_of_
tree19/pacf.tex)
(/home/leon/work/eger_paper/data/DTA/doc/sent_length_10-19/statistics/width_of_
tree19/pacf.tex)
(/home/leon/work/eger_paper/data/DTA/doc/sent_length_20-29/statistics/width_of_
tree19/pacf.tex)
(/home/leon/work/eger_paper/data/DTA/doc/sent_length_30-39/statistics/width_of_
tree19/pacf.tex)
(/home/leon/work/eger_paper/data/DTA/doc/sent_length_40+/statistics/width_of_tr
ee19/pacf.tex) [124]
Underfull \hbox (badness 10000) in paragraph at lines 2111--2117

 []

[125]
(/home/leon/work/eger_paper/data/DTA/doc/sent_length_02-09/statistics/lowest_lv
_max_width20/acf.tex)
(/home/leon/work/eger_paper/data/DTA/doc/sent_length_10-19/statistics/lowest_lv
_max_width20/acf.tex)
(/home/leon/work/eger_paper/data/DTA/doc/sent_length_20-29/statistics/lowest_lv
_max_width20/acf.tex)
(/home/leon/work/eger_paper/data/DTA/doc/sent_length_30-39/statistics/lowest_lv
_max_width20/acf.tex)
(/home/leon/work/eger_paper/data/DTA/doc/sent_length_40+/statistics/lowest_lv_m
ax_width20/acf.tex) [126]
(/home/leon/work/eger_paper/data/DTA/doc/sent_length_02-09/statistics/lowest_lv
_max_width20/pacf.tex)
(/home/leon/work/eger_paper/data/DTA/doc/sent_length_10-19/statistics/lowest_lv
_max_width20/pacf.tex)
(/home/leon/work/eger_paper/data/DTA/doc/sent_length_20-29/statistics/lowest_lv
_max_width20/pacf.tex)
(/home/leon/work/eger_paper/data/DTA/doc/sent_length_30-39/statistics/lowest_lv
_max_width20/pacf.tex)
(/home/leon/work/eger_paper/data/DTA/doc/sent_length_40+/statistics/lowest_lv_m
ax_width20/pacf.tex) [127]
Underfull \hbox (badness 10000) in paragraph at lines 2162--2168

 []

[128]
(/home/leon/work/eger_paper/data/DTA/doc/sent_length_02-09/statistics/ratio_ver
tices_belonging_latter_level21/acf.tex)
(/home/leon/work/eger_paper/data/DTA/doc/sent_length_10-19/statistics/ratio_ver
tices_belonging_latter_level21/acf.tex)
(/home/leon/work/eger_paper/data/DTA/doc/sent_length_20-29/statistics/ratio_ver
tices_belonging_latter_level21/acf.tex)
(/home/leon/work/eger_paper/data/DTA/doc/sent_length_30-39/statistics/ratio_ver
tices_belonging_latter_level21/acf.tex)
(/home/leon/work/eger_paper/data/DTA/doc/sent_length_40+/statistics/ratio_verti
ces_belonging_latter_level21/acf.tex) [129]
(/home/leon/work/eger_paper/data/DTA/doc/sent_length_02-09/statistics/ratio_ver
tices_belonging_latter_level21/pacf.tex)
(/home/leon/work/eger_paper/data/DTA/doc/sent_length_10-19/statistics/ratio_ver
tices_belonging_latter_level21/pacf.tex)
(/home/leon/work/eger_paper/data/DTA/doc/sent_length_20-29/statistics/ratio_ver
tices_belonging_latter_level21/pacf.tex)
(/home/leon/work/eger_paper/data/DTA/doc/sent_length_30-39/statistics/ratio_ver
tices_belonging_latter_level21/pacf.tex)
(/home/leon/work/eger_paper/data/DTA/doc/sent_length_40+/statistics/ratio_verti
ces_belonging_latter_level21/pacf.tex) [130]
Underfull \hbox (badness 10000) in paragraph at lines 2213--2219

 []

[131]
(/home/leon/work/eger_paper/data/DTA/doc/sent_length_02-09/statistics/Hirsch_in
dex22/acf.tex)
(/home/leon/work/eger_paper/data/DTA/doc/sent_length_10-19/statistics/Hirsch_in
dex22/acf.tex)
(/home/leon/work/eger_paper/data/DTA/doc/sent_length_20-29/statistics/Hirsch_in
dex22/acf.tex)
(/home/leon/work/eger_paper/data/DTA/doc/sent_length_30-39/statistics/Hirsch_in
dex22/acf.tex)
(/home/leon/work/eger_paper/data/DTA/doc/sent_length_40+/statistics/Hirsch_inde
x22/acf.tex) [132]
(/home/leon/work/eger_paper/data/DTA/doc/sent_length_02-09/statistics/Hirsch_in
dex22/pacf.tex)
(/home/leon/work/eger_paper/data/DTA/doc/sent_length_10-19/statistics/Hirsch_in
dex22/pacf.tex)
(/home/leon/work/eger_paper/data/DTA/doc/sent_length_20-29/statistics/Hirsch_in
dex22/pacf.tex)
(/home/leon/work/eger_paper/data/DTA/doc/sent_length_30-39/statistics/Hirsch_in
dex22/pacf.tex)
(/home/leon/work/eger_paper/data/DTA/doc/sent_length_40+/statistics/Hirsch_inde
x22/pacf.tex) [133]
Underfull \hbox (badness 10000) in paragraph at lines 2264--2270

 []

[134]
(/home/leon/work/eger_paper/data/DTA/doc/sent_length_02-09/statistics/ratio_ver
tices_contributing_h_index23/acf.tex)
(/home/leon/work/eger_paper/data/DTA/doc/sent_length_10-19/statistics/ratio_ver
tices_contributing_h_index23/acf.tex)
(/home/leon/work/eger_paper/data/DTA/doc/sent_length_20-29/statistics/ratio_ver
tices_contributing_h_index23/acf.tex)
(/home/leon/work/eger_paper/data/DTA/doc/sent_length_30-39/statistics/ratio_ver
tices_contributing_h_index23/acf.tex)
(/home/leon/work/eger_paper/data/DTA/doc/sent_length_40+/statistics/ratio_verti
ces_contributing_h_index23/acf.tex) [135]
(/home/leon/work/eger_paper/data/DTA/doc/sent_length_02-09/statistics/ratio_ver
tices_contributing_h_index23/pacf.tex)
(/home/leon/work/eger_paper/data/DTA/doc/sent_length_10-19/statistics/ratio_ver
tices_contributing_h_index23/pacf.tex)
(/home/leon/work/eger_paper/data/DTA/doc/sent_length_20-29/statistics/ratio_ver
tices_contributing_h_index23/pacf.tex)
(/home/leon/work/eger_paper/data/DTA/doc/sent_length_30-39/statistics/ratio_ver
tices_contributing_h_index23/pacf.tex)
(/home/leon/work/eger_paper/data/DTA/doc/sent_length_40+/statistics/ratio_verti
ces_contributing_h_index23/pacf.tex) [136]
Underfull \hbox (badness 10000) in paragraph at lines 2315--2321

 []

[137]
(/home/leon/work/eger_paper/data/DTA/doc/sent_length_02-09/statistics/relative_
h_index24/acf.tex)
(/home/leon/work/eger_paper/data/DTA/doc/sent_length_10-19/statistics/relative_
h_index24/acf.tex)
(/home/leon/work/eger_paper/data/DTA/doc/sent_length_20-29/statistics/relative_
h_index24/acf.tex)
(/home/leon/work/eger_paper/data/DTA/doc/sent_length_30-39/statistics/relative_
h_index24/acf.tex)
(/home/leon/work/eger_paper/data/DTA/doc/sent_length_40+/statistics/relative_h_
index24/acf.tex) [138]
(/home/leon/work/eger_paper/data/DTA/doc/sent_length_02-09/statistics/relative_
h_index24/pacf.tex)
(/home/leon/work/eger_paper/data/DTA/doc/sent_length_10-19/statistics/relative_
h_index24/pacf.tex)
(/home/leon/work/eger_paper/data/DTA/doc/sent_length_20-29/statistics/relative_
h_index24/pacf.tex)
(/home/leon/work/eger_paper/data/DTA/doc/sent_length_30-39/statistics/relative_
h_index24/pacf.tex)
(/home/leon/work/eger_paper/data/DTA/doc/sent_length_40+/statistics/relative_h_
index24/pacf.tex) [139]
Underfull \hbox (badness 10000) in paragraph at lines 2366--2372

 []

[140]

Package lastpage Warning: Rerun to get the references right on input line 2377.



AED: lastpage setting LastPage
(./DTA.aux)

LaTeX Warning: Label(s) may have changed. Rerun to get cross-references right.

 ) 
Here is how much of TeX's memory you used:
 144258 strings out of 483183
 4467740 string characters out of 5966293
 257710982 words of memory out of 269914835
 157717 multiletter control sequences out of 15000+600000
 581841 words of font info for 53 fonts, out of 147483647 for 9000
 14 hyphenation exceptions out of 8191
 78i,14n,136p,777b,2118s stack positions out of 5000i,500n,10000p,200000b,80000s
{/usr/share/texmf/fonts/enc/dvips/lm/lm-ec.enc}{/usr/share/texmf/fonts/enc/dv
ips/lm/lm-mathit.enc}{/usr/share/texmf/fonts/enc/dvips/lm/lm-mathsy.enc}{/usr/s
hare/texmf/fonts/enc/dvips/lm/lm-rm.enc}</usr/share/texmf/fonts/type1/public/lm
/lmbx10.pfb></usr/share/texmf/fonts/type1/public/lm/lmbx12.pfb></usr/share/texm
f/fonts/type1/public/lm/lmmi5.pfb></usr/share/texmf/fonts/type1/public/lm/lmr10
.pfb></usr/share/texmf/fonts/type1/public/lm/lmr12.pfb></usr/share/texmf/fonts/
type1/public/lm/lmr17.pfb></usr/share/texmf/fonts/type1/public/lm/lmr5.pfb></us
r/share/texmf/fonts/type1/public/lm/lmr9.pfb></usr/share/texmf/fonts/type1/publ
ic/lm/lmsy5.pfb>
Output written on DTA.pdf (140 pages, 11030505 bytes).
PDF statistics:
 501 PDF objects out of 1000 (max. 8388607)
 346 compressed objects within 4 object streams
 0 named destinations out of 1000 (max. 500000)
 13 words of extra memory for PDF output out of 10000 (max. 10000000)

